"../../../../SacredBlade/SacredBlade/Content/Assets/Character/Mesh/UE4_Mannequin_Skeleton.uasset" 0
"../../../../SacredBlade/SacredBlade/Content/Assets/Character/Animation/ThirdPersonJump_End.uasset" 1
"../../../../SacredBlade/SacredBlade/Content/Assets/Character/Textures/UE4Man_Logo_N.uasset" 2
"../../../../SacredBlade/SacredBlade/Content/Assets/Character/Textures/UE4_LOGO_CARD.uasset" 3
"../../../../SacredBlade/SacredBlade/Content/Assets/Character/Textures/UE4_Mannequin_MAT_MASKA.uasset" 4
"../../../../SacredBlade/SacredBlade/Content/Assets/Character/Textures/UE4_Mannequin__normals.uasset" 5
"../../../../SacredBlade/SacredBlade/Content/Assets/Meshes/M_Shuriken.uasset" 6
"../../../../SacredBlade/SacredBlade/Content/Assets/Meshes/Textures/Shurican1-basecolor.uasset" 7
"../../../../SacredBlade/SacredBlade/Content/Assets/Meshes/Textures/Shurican1-metalness.uasset" 8
"../../../../SacredBlade/SacredBlade/Content/Assets/Meshes/Textures/Shurican1-normals.uasset" 9
"../../../../SacredBlade/SacredBlade/Content/Assets/Meshes/Textures/Shurican1-occlusion.uasset" 10
"../../../../SacredBlade/SacredBlade/Content/Assets/Meshes/Textures/Shurican1-roughness.uasset" 11
"../../../../SacredBlade/SacredBlade/Content/Assets/Meshes/Materials/M_Shuriken.uasset" 12
"../../../../SacredBlade/SacredBlade/Content/Assets/Meshes/SkeletalShuriken.uasset" 13
"../../../../SacredBlade/SacredBlade/Content/Explosions/Textures/smoothNormalSphere.uasset" 14
"../../../../SacredBlade/SacredBlade/Content/Explosions/Textures/water_n.uasset" 15
"../../../../SacredBlade/SacredBlade/Content/Assets/ParticleSystems/Materials/Distortion2.uasset" 16
"../../../Engine/Content/Functions/Engine_MaterialFunctions01/ImageAdjustment/DeriveHDRfromLDR.uasset" 17
"../../../../SacredBlade/SacredBlade/Content/Explosions/Textures/Mushroom1bot_2K.uasset" 18
"../../../../SacredBlade/SacredBlade/Content/Assets/ParticleSystems/Materials/Explosive8_M.uasset" 19
"../../../../SacredBlade/SacredBlade/Content/Assets/ParticleSystems/Materials/RadialRamp_Mat.uasset" 20
"../../../Engine/Content/Functions/Engine_MaterialFunctions01/Gradient/LinearGradient.uasset" 21
"../../../Engine/Content/Functions/Engine_MaterialFunctions01/ImageAdjustment/CheapContrast.uasset" 22
"../../../Engine/Content/Functions/Engine_MaterialFunctions02/Math/MultiplyAdd.uasset" 23
"../../../../SacredBlade/SacredBlade/Content/Explosions/Textures/SmokeTiled3.uasset" 24
"../../../../SacredBlade/SacredBlade/Content/Explosions/Textures/SmokeTiled3_Normal.uasset" 25
"../../../../SacredBlade/SacredBlade/Content/Assets/ParticleSystems/Materials/RibbonSmoke1c_M.uasset" 26
"../../../../SacredBlade/SacredBlade/Content/Explosions/Textures/Noise_cloudsmed.uasset" 27
"../../../../SacredBlade/SacredBlade/Content/Assets/ParticleSystems/Materials/Shocktorus.uasset" 28
"../../../../SacredBlade/SacredBlade/Content/Assets/ParticleSystems/Materials/Shocktorus_r.uasset" 29
"../../../../SacredBlade/SacredBlade/Content/Explosions/Textures/Smoke1b_2K.uasset" 30
"../../../../SacredBlade/SacredBlade/Content/Assets/ParticleSystems/Materials/Smoke2_M.uasset" 31
"../../../../SacredBlade/SacredBlade/Content/Explosions/Textures/SquareSpark2.uasset" 32
"../../../../SacredBlade/SacredBlade/Content/Assets/ParticleSystems/Materials/ThickSpark_M.uasset" 33
"../../../../SacredBlade/SacredBlade/Content/Explosions/Mats/Shocktorus.uasset" 34
"../../../../SacredBlade/SacredBlade/Content/Assets/ParticleSystems/Meshes/shockball3.uasset" 35
"../../../../SacredBlade/SacredBlade/Content/Explosions/Mats/Shocktorus_r.uasset" 36
"../../../../SacredBlade/SacredBlade/Content/Assets/ParticleSystems/Meshes/shockwavetorus.uasset" 37
"../../../../SacredBlade/SacredBlade/Content/Assets/ParticleSystems/Textures/Mushroom1bot_2K.uasset" 38
"../../../../SacredBlade/SacredBlade/Content/Assets/ParticleSystems/Textures/Noise_cloudsmed.uasset" 39
"../../../../SacredBlade/SacredBlade/Content/Assets/ParticleSystems/Textures/Smoke1b_2K.uasset" 40
"../../../../SacredBlade/SacredBlade/Content/Assets/ParticleSystems/Textures/SmokeTiled3.uasset" 41
"../../../../SacredBlade/SacredBlade/Content/Assets/ParticleSystems/Textures/SmokeTiled3_Normal.uasset" 42
"../../../../SacredBlade/SacredBlade/Content/Assets/ParticleSystems/Textures/smoothNormalSphere.uasset" 43
"../../../../SacredBlade/SacredBlade/Content/Assets/ParticleSystems/Textures/SquareSpark2.uasset" 44
"../../../../SacredBlade/SacredBlade/Content/Assets/ParticleSystems/Textures/water_n.uasset" 45
"../../../../SacredBlade/SacredBlade/Content/Assets/ParticleSystems/VF/Fireball1_VF16.uasset" 46
"../../../../SacredBlade/SacredBlade/Content/Assets/Character/Animation/ThirdPerson_Jump.uasset" 47
"../../../../SacredBlade/SacredBlade/Content/Assets/Character/Animation/ThirdPersonJump_Loop.uasset" 48
"../../../../SacredBlade/SacredBlade/Content/Assets/Character/Animation/ThirdPersonJump_Start.uasset" 49
"../../../../SacredBlade/SacredBlade/Content/Assets/Character/Animation/ThirdPersonIdle.uasset" 50
"../../../../SacredBlade/SacredBlade/Content/Assets/Character/Animation/ThirdPersonRun.uasset" 51
"../../../../SacredBlade/SacredBlade/Content/Assets/Character/Animation/ThirdPersonWalk.uasset" 52
"../../../../SacredBlade/SacredBlade/Content/Assets/Character/Animation/ThirdPerson_IdleRun_2D.uasset" 53
"../../../Engine/Content/EditorBlueprintResources/StandardMacros.uasset" 54
"../../../../SacredBlade/SacredBlade/Content/Assets/Character/Animation/ThirdPerson_AnimBP.uasset" 55
"../../../../SacredBlade/SacredBlade/Content/StarterContent/Materials/M_Basic_Wall.uasset" 56
"../../../Engine/Content/Functions/Engine_MaterialFunctions02/Utility/BlendAngleCorrectedNormals.uasset" 57
"../../../Engine/Content/Functions/MaterialLayerFunctions/MatLayerBlend_NormalBlend.uasset" 58
"../../../Engine/Content/Functions/MaterialLayerFunctions/MatLayerBlend_Simple.uasset" 59
"../../../../SacredBlade/SacredBlade/Content/Assets/Character/Materials/MaterialLayers/T_ML_Rubber_Blue_01_D.uasset" 60
"../../../../SacredBlade/SacredBlade/Content/Assets/Character/Materials/MaterialLayers/T_ML_Rubber_Blue_01_N.uasset" 61
"../../../../SacredBlade/SacredBlade/Content/Assets/Character/Materials/MaterialLayers/ML_GlossyBlack_Latex_UE4.uasset" 62
"../../../../SacredBlade/SacredBlade/Content/Assets/Character/Materials/MaterialLayers/ML_Plastic_Shiny_Beige.uasset" 63
"../../../../SacredBlade/SacredBlade/Content/Assets/Character/Materials/MaterialLayers/ML_Plastic_Shiny_Beige_LOGO.uasset" 64
"../../../../SacredBlade/SacredBlade/Content/Assets/Character/Materials/MaterialLayers/T_ML_Aluminum01.uasset" 65
"../../../../SacredBlade/SacredBlade/Content/Assets/Character/Materials/MaterialLayers/T_ML_Aluminum01_N.uasset" 66
"../../../../SacredBlade/SacredBlade/Content/Assets/Character/Materials/MaterialLayers/ML_SoftMetal_UE4.uasset" 67
"../../../../SacredBlade/SacredBlade/Content/Assets/Character/Materials/M_UE4Man_Body.uasset" 68
"../../../../SacredBlade/SacredBlade/Content/Assets/Character/Materials/M_UE4Man_ChestLogo.uasset" 69
"../../../../SacredBlade/SacredBlade/Content/Assets/Character/Mesh/SK_Mannequin_PhysicsAsset.uasset" 70
"../../../../SacredBlade/SacredBlade/Content/Assets/Character/Mesh/SK_Mannequin.uasset" 71
"../../../../SacredBlade/SacredBlade/Content/Blueprints/BP_Player_Parent.uasset" 72
"../../../../SacredBlade/SacredBlade/Content/UI/Images/himASS.uasset" 73
"../../../../SacredBlade/SacredBlade/Content/Assets/Materials/M_himASS.uasset" 74
"../../../Engine/Content/Functions/Engine_MaterialFunctions01/Opacity/CameraDepthFade.uasset" 75
"../../../Engine/Content/EngineMaterials/T_Default_Material_Grid_M.uasset" 76
"../../../Engine/Content/EngineMaterials/T_Default_Material_Grid_N.uasset" 77
"../../../Engine/Content/EngineMaterials/WorldGridMaterial.uasset" 78
"../../../Engine/Content/BasicShapes/Cube.uasset" 79
"../../../../SacredBlade/SacredBlade/Content/Blueprints/BP_EnemyProjectile.uasset" 80
"../../../Engine/Content/BasicShapes/BasicShapeMaterial.uasset" 81
"../../../../SacredBlade/SacredBlade/Content/Assets/Materials/M_DamageFlash.uasset" 82
"../../../../SacredBlade/SacredBlade/Content/Blueprints/BP_Boss.uasset" 83
"../../../../SacredBlade/SacredBlade/Content/Assets/Meshes/Shuriken1.uasset" 84
"../../../../SacredBlade/SacredBlade/Content/Blueprints/Assassin/BP_Shuriken.uasset" 85
"../../../../SacredBlade/SacredBlade/Content/Assets/Materials/TempGrayFloor.uasset" 86
"../../../../SacredBlade/SacredBlade/Content/Assets/Meshes/Textures/Albedo.uasset" 87
"../../../../SacredBlade/SacredBlade/Content/Assets/Meshes/Textures/Metal.uasset" 88
"../../../../SacredBlade/SacredBlade/Content/Assets/Meshes/Textures/Normal.uasset" 89
"../../../../SacredBlade/SacredBlade/Content/Assets/Meshes/Textures/Rough.uasset" 90
"../../../../SacredBlade/SacredBlade/Content/Assets/Meshes/Materials/Fuze.uasset" 91
"../../../../SacredBlade/SacredBlade/Content/Assets/Meshes/Materials/Metal1.uasset" 92
"../../../../SacredBlade/SacredBlade/Content/Assets/Meshes/Bomb.uasset" 93
"../../../../SacredBlade/SacredBlade/Content/Explosions/Mats/Distortion2.uasset" 94
"../../../../SacredBlade/SacredBlade/Content/Explosions/Mats/Explosive8_M.uasset" 95
"../../../../SacredBlade/SacredBlade/Content/Explosions/Mats/RadialRamp_Mat.uasset" 96
"../../../../SacredBlade/SacredBlade/Content/Explosions/Mats/RibbonSmoke1c_M.uasset" 97
"../../../../SacredBlade/SacredBlade/Content/Explosions/Mats/Smoke2_M.uasset" 98
"../../../../SacredBlade/SacredBlade/Content/Explosions/Mats/ThickSpark_M.uasset" 99
"../../../../SacredBlade/SacredBlade/Content/Explosions/Mesh/shockball3.uasset" 100
"../../../../SacredBlade/SacredBlade/Content/Explosions/Mesh/shockwavetorus.uasset" 101
"../../../../SacredBlade/SacredBlade/Content/Explosions/VF/Fireball1_VF16.uasset" 102
"../../../../SacredBlade/SacredBlade/Content/Assets/ParticleSystems/P_CherryBombExplosion.uasset" 103
"../../../../SacredBlade/SacredBlade/Content/Blueprints/Assassin/BP_CherryBomb.uasset" 104
"../../../Engine/Content/EngineMaterials/DefaultMaterial.uasset" 105
"../../../Engine/Content/BasicShapes/Sphere.uasset" 106
"../../../../SacredBlade/SacredBlade/Content/Blueprints/BP_Projectile.uasset" 107
"../../../../SacredBlade/SacredBlade/Content/Assets/Meshes/Textures/Texture.uasset" 108
"../../../../SacredBlade/SacredBlade/Content/Assets/Meshes/Materials/Ostrza2SG1.uasset" 109
"../../../../SacredBlade/SacredBlade/Content/Assets/Meshes/Materials/Rekojesc2SG1.uasset" 110
"../../../../SacredBlade/SacredBlade/Content/Assets/Meshes/Kunai.uasset" 111
"../../../../SacredBlade/SacredBlade/Content/Blueprints/Assassin/BP_Kunai.uasset" 112
"../../../../SacredBlade/SacredBlade/Content/Blueprints/Assassin/S_AssassinVars.uasset" 113
"../../../../SacredBlade/SacredBlade/Content/Blueprints/Assassin/DT_AssassinVars.uasset" 114
"../../../../SacredBlade/SacredBlade/Content/Assets/Materials/TempAssassinColor.uasset" 115
"../../../../SacredBlade/SacredBlade/Content/Blueprints/Assassin/BP_Player_Assassin.uasset" 116
"../../../../SacredBlade/SacredBlade/Content/Blueprints/BP_DamageZone.uasset" 117
"../../../../SacredBlade/SacredBlade/Content/Blueprints/C_HealthComponent.uasset" 118
"../../../../SacredBlade/SacredBlade/Content/Explosions/DemoRoom/Materials/M_DemoWall.uasset" 119
"../../../../SacredBlade/SacredBlade/Content/Explosions/DemoRoom/Materials/M_DemoWall_Inst2.uasset" 120
"../../../../SacredBlade/SacredBlade/Content/Explosions/DemoRoom/Materials/M_LightSculpture.uasset" 121
"../../../../SacredBlade/SacredBlade/Content/Explosions/Mats/RibbonSmoke1b_M.uasset" 122
"../../../../SacredBlade/SacredBlade/Content/Explosions/Textures/SquareSpark.uasset" 123
"../../../../SacredBlade/SacredBlade/Content/Explosions/Mats/ThickSparkEdgy_M.uasset" 124
"../../../../SacredBlade/SacredBlade/Content/Explosions/Mesh/shockwavedome.uasset" 125
"../../../../SacredBlade/SacredBlade/Content/Explosions/Mats/RibbonSmoke1_M.uasset" 126
"../../../../SacredBlade/SacredBlade/Content/Explosions/Particles/P_Streamer1.uasset" 127
"../../../../SacredBlade/SacredBlade/Content/Explosions/Textures/FireCore2.uasset" 128
"../../../../SacredBlade/SacredBlade/Content/Explosions/Textures/RandomAngles.uasset" 129
"../../../../SacredBlade/SacredBlade/Content/Explosions/Textures/RandomMirrorDisc.uasset" 130
"../../../../SacredBlade/SacredBlade/Content/Explosions/Textures/SineWaveWorldNormalMap.uasset" 131
"../../../../SacredBlade/SacredBlade/Content/Explosions/Textures/SmokeTiled2.uasset" 132
"../../../../SacredBlade/SacredBlade/Content/Explosions/Textures/SmokeTiled2_Normal.uasset" 133
"../../../../SacredBlade/SacredBlade/Content/Explosions/Textures/SmokeTiled4.uasset" 134
"../../../../SacredBlade/SacredBlade/Content/Explosions/Textures/SmokeTiled4_Normal.uasset" 135
"../../../../SacredBlade/SacredBlade/Content/Explosions/Textures/SmokeTiled5.uasset" 136
"../../../../SacredBlade/SacredBlade/Content/Explosions/Textures/SmokeTiled5_Normal.uasset" 137
"../../../../SacredBlade/SacredBlade/Content/Explosions/Textures/SmokeTiled6.uasset" 138
"../../../../SacredBlade/SacredBlade/Content/Explosions/Textures/SmokeTiled6_Normal.uasset" 139
"../../../../SacredBlade/SacredBlade/Content/Explosions/Textures/SphereRenderNormalsMap.uasset" 140
"../../../../SacredBlade/SacredBlade/Content/Explosions/Textures/test1.uasset" 141
"../../../../SacredBlade/SacredBlade/Content/Explosions/Textures/4K/Explodebase1Bot_4k.uasset" 142
"../../../../SacredBlade/SacredBlade/Content/Explosions/Textures/4K/Explodebase1Side3_4k.uasset" 143
"../../../../SacredBlade/SacredBlade/Content/Explosions/Textures/4K/Explodebase1Top_4k.uasset" 144
"../../../../SacredBlade/SacredBlade/Content/Explosions/Textures/4K/Explodebase1_4k.uasset" 145
"../../../../SacredBlade/SacredBlade/Content/Explosions/Textures/4K/ExplosionPreset_Bot_4k.uasset" 146
"../../../../SacredBlade/SacredBlade/Content/Explosions/Textures/4K/ExplosionPreset_Side_4k.uasset" 147
"../../../../SacredBlade/SacredBlade/Content/Explosions/Textures/4K/ExplosionPreset_Top_4k.uasset" 148
"../../../../SacredBlade/SacredBlade/Content/Explosions/Textures/4K/Fire2a_4k.uasset" 149
"../../../../SacredBlade/SacredBlade/Content/Explosions/Textures/4K/Fire2b_4k.uasset" 150
"../../../../SacredBlade/SacredBlade/Content/Explosions/Textures/4K/Fire2c_4k.uasset" 151
"../../../../SacredBlade/SacredBlade/Content/Explosions/Textures/4K/Fire2d_4k.uasset" 152
"../../../../SacredBlade/SacredBlade/Content/Explosions/Textures/4K/Fire4a_4k.uasset" 153
"../../../../SacredBlade/SacredBlade/Content/Explosions/Textures/4K/Fire4b_4k.uasset" 154
"../../../../SacredBlade/SacredBlade/Content/Explosions/Textures/4K/Fire4c_4k.uasset" 155
"../../../../SacredBlade/SacredBlade/Content/Explosions/Textures/4K/Fire4d_4k.uasset" 156
"../../../../SacredBlade/SacredBlade/Content/Explosions/Textures/4K/Fireballs1SideB_4k.uasset" 157
"../../../../SacredBlade/SacredBlade/Content/Explosions/Textures/4K/Fireballs1Top_4k.uasset" 158
"../../../../SacredBlade/SacredBlade/Content/Explosions/Textures/4K/Fireballs1_4k.uasset" 159
"../../../../SacredBlade/SacredBlade/Content/Explosions/Textures/4K/Mushroom1bot_4k.uasset" 160
"../../../../SacredBlade/SacredBlade/Content/Explosions/Textures/4K/Mushroom1Side1_4k.uasset" 161
"../../../../SacredBlade/SacredBlade/Content/Explosions/Textures/4K/Mushroom1top_4k.uasset" 162
"../../../../SacredBlade/SacredBlade/Content/Explosions/Textures/4K/Smoke1a_4K.uasset" 163
"../../../../SacredBlade/SacredBlade/Content/Explosions/Textures/4K/Smoke1b_4K.uasset" 164
"../../../../SacredBlade/SacredBlade/Content/Explosions/Textures/4K/Smoke1c_4k.uasset" 165
"../../../../SacredBlade/SacredBlade/Content/Explosions/Textures/4K/Smoke2a_4K.uasset" 166
"../../../../SacredBlade/SacredBlade/Content/Explosions/Textures/4K/Smoke2b_4K.uasset" 167
"../../../../SacredBlade/SacredBlade/Content/Explosions/Textures/4K/Smoke2c_4K.uasset" 168
"../../../../SacredBlade/SacredBlade/Content/Explosions/Textures/4K/smokeblack1_4K.uasset" 169
"../../../../SacredBlade/SacredBlade/Content/Explosions/Textures/8K/Explodebase1.uasset" 170
"../../../../SacredBlade/SacredBlade/Content/Explosions/Textures/8K/Explodebase1Bot.uasset" 171
"../../../../SacredBlade/SacredBlade/Content/Explosions/Textures/8K/Explodebase1Side3.uasset" 172
"../../../../SacredBlade/SacredBlade/Content/Explosions/Textures/8K/Explodebase1Top.uasset" 173
"../../../../SacredBlade/SacredBlade/Content/Explosions/Textures/8K/ExplosionPreset_Bot.uasset" 174
"../../../../SacredBlade/SacredBlade/Content/Explosions/Textures/8K/ExplosionPreset_Side.uasset" 175
"../../../../SacredBlade/SacredBlade/Content/Explosions/Textures/8K/ExplosionPreset_Top.uasset" 176
"../../../../SacredBlade/SacredBlade/Content/Explosions/Textures/8K/Fire2a_8k.uasset" 177
"../../../../SacredBlade/SacredBlade/Content/Explosions/Textures/8K/Fire2b_8k.uasset" 178
"../../../../SacredBlade/SacredBlade/Content/Explosions/Textures/8K/Fire2c_8k.uasset" 179
"../../../../SacredBlade/SacredBlade/Content/Explosions/Textures/8K/Fire2d_8k.uasset" 180
"../../../../SacredBlade/SacredBlade/Content/Explosions/Textures/8K/Fire4a_8k.uasset" 181
"../../../../SacredBlade/SacredBlade/Content/Explosions/Textures/8K/Fire4b_8k.uasset" 182
"../../../../SacredBlade/SacredBlade/Content/Explosions/Textures/8K/Fire4c_8k.uasset" 183
"../../../../SacredBlade/SacredBlade/Content/Explosions/Textures/8K/Fire4d_8k.uasset" 184
"../../../../SacredBlade/SacredBlade/Content/Explosions/Textures/8K/Fireballs1.uasset" 185
"../../../../SacredBlade/SacredBlade/Content/Explosions/Textures/8K/Fireballs1SideB.uasset" 186
"../../../../SacredBlade/SacredBlade/Content/Explosions/Textures/8K/Fireballs1Top.uasset" 187
"../../../../SacredBlade/SacredBlade/Content/Explosions/Textures/8K/Mushroom1bot.uasset" 188
"../../../../SacredBlade/SacredBlade/Content/Explosions/Textures/8K/Mushroom1Side1.uasset" 189
"../../../../SacredBlade/SacredBlade/Content/Explosions/Textures/8K/Mushroom1top.uasset" 190
"../../../../SacredBlade/SacredBlade/Content/Explosions/Textures/8K/Smoke1a_8K.uasset" 191
"../../../../SacredBlade/SacredBlade/Content/Explosions/Textures/8K/Smoke1b_8K.uasset" 192
"../../../../SacredBlade/SacredBlade/Content/Explosions/Textures/8K/Smoke1c_8k.uasset" 193
"../../../../SacredBlade/SacredBlade/Content/Explosions/Textures/8K/Smoke2a_8K.uasset" 194
"../../../../SacredBlade/SacredBlade/Content/Explosions/Textures/8K/Smoke2b_8K.uasset" 195
"../../../../SacredBlade/SacredBlade/Content/Explosions/Textures/8K/Smoke2c_8K.uasset" 196
"../../../../SacredBlade/SacredBlade/Content/Explosions/Textures/8K/smokeblack1_8K.uasset" 197
"../../../../SacredBlade/SacredBlade/Content/Explosions/VF/Fireball1_VF32.uasset" 198
"../../../../SacredBlade/SacredBlade/Content/StarterContent/Architecture/Pillar_50x500.uasset" 199
"../../../../SacredBlade/SacredBlade/Content/StarterContent/Architecture/Wall_400x300.uasset" 200
"../../../../SacredBlade/SacredBlade/Content/StarterContent/Architecture/Wall_400x400.uasset" 201
"../../../../SacredBlade/SacredBlade/Content/StarterContent/Architecture/Wall_500x500.uasset" 202
"../../../../SacredBlade/SacredBlade/Content/StarterContent/Architecture/Wall_Door_400x400.uasset" 203
"../../../../SacredBlade/SacredBlade/Content/StarterContent/Architecture/Wall_Window_400x400.uasset" 204
"../../../../SacredBlade/SacredBlade/Content/StarterContent/Audio/Collapse01.uasset" 205
"../../../../SacredBlade/SacredBlade/Content/StarterContent/Audio/Collapse02.uasset" 206
"../../../../SacredBlade/SacredBlade/Content/StarterContent/Audio/Explosion01.uasset" 207
"../../../../SacredBlade/SacredBlade/Content/StarterContent/Audio/Explosion02.uasset" 208
"../../../../SacredBlade/SacredBlade/Content/StarterContent/Audio/Fire01.uasset" 209
"../../../../SacredBlade/SacredBlade/Content/StarterContent/Audio/Fire_Sparks01.uasset" 210
"../../../../SacredBlade/SacredBlade/Content/StarterContent/Audio/Light01.uasset" 211
"../../../../SacredBlade/SacredBlade/Content/StarterContent/Audio/Light01_Cue.uasset" 212
"../../../../SacredBlade/SacredBlade/Content/StarterContent/Audio/Light02.uasset" 213
"../../../../SacredBlade/SacredBlade/Content/StarterContent/Audio/Light02_Cue.uasset" 214
"../../../../SacredBlade/SacredBlade/Content/StarterContent/Audio/Smoke01.uasset" 215
"../../../../SacredBlade/SacredBlade/Content/StarterContent/Audio/Starter_Birds01.uasset" 216
"../../../../SacredBlade/SacredBlade/Content/StarterContent/Audio/Starter_Music01.uasset" 217
"../../../../SacredBlade/SacredBlade/Content/StarterContent/Audio/Starter_Wind05.uasset" 218
"../../../../SacredBlade/SacredBlade/Content/StarterContent/Audio/Starter_Wind06.uasset" 219
"../../../../SacredBlade/SacredBlade/Content/StarterContent/Audio/Steam01.uasset" 220
"../../../../SacredBlade/SacredBlade/Content/StarterContent/Audio/Explosion_Cue.uasset" 221
"../../../../SacredBlade/SacredBlade/Content/StarterContent/Textures/T_Burst_M.uasset" 222
"../../../../SacredBlade/SacredBlade/Content/StarterContent/Particles/Materials/M_Burst.uasset" 223
"../../../../SacredBlade/SacredBlade/Content/StarterContent/Textures/T_Explosion_SubUV.uasset" 224
"../../../../SacredBlade/SacredBlade/Content/StarterContent/Particles/Materials/M_explosion_subUV.uasset" 225
"../../../../SacredBlade/SacredBlade/Content/StarterContent/Particles/Materials/m_flare_01.uasset" 226
"../../../Engine/Content/Functions/Engine_MaterialFunctions01/Gradient/RadialGradient.uasset" 227
"../../../../SacredBlade/SacredBlade/Content/StarterContent/Particles/Materials/M_radial_ramp.uasset" 228
"../../../../SacredBlade/SacredBlade/Content/StarterContent/Textures/T_Smoke_SubUV.uasset" 229
"../../../../SacredBlade/SacredBlade/Content/StarterContent/Textures/T_Smoke_Tiled_D.uasset" 230
"../../../../SacredBlade/SacredBlade/Content/StarterContent/Particles/Materials/M_smoke_subUV.uasset" 231
"../../../../SacredBlade/SacredBlade/Content/StarterContent/Particles/P_Explosion.uasset" 232
"../../../../SacredBlade/SacredBlade/Content/StarterContent/Blueprints/Blueprint_Effect_Explosion.uasset" 233
"../../../Engine/Content/EditorMeshes/ColorCalibrator/T_ColorGrid.uasset" 234
"../../../../SacredBlade/SacredBlade/Content/StarterContent/Materials/M_ColorGrid_LowSpec.uasset" 235
"../../../../SacredBlade/SacredBlade/Content/StarterContent/Textures/T_Bush_D.uasset" 236
"../../../../SacredBlade/SacredBlade/Content/StarterContent/Textures/T_Bush_N.uasset" 237
"../../../../SacredBlade/SacredBlade/Content/StarterContent/Props/Materials/M_Bush.uasset" 238
"../../../../SacredBlade/SacredBlade/Content/StarterContent/Props/SM_Bush.uasset" 239
"../../../../SacredBlade/SacredBlade/Content/StarterContent/Textures/T_Chair_M.uasset" 240
"../../../../SacredBlade/SacredBlade/Content/StarterContent/Textures/T_Chair_N.uasset" 241
"../../../../SacredBlade/SacredBlade/Content/StarterContent/Props/Materials/M_Chair.uasset" 242
"../../../../SacredBlade/SacredBlade/Content/StarterContent/Props/SM_Couch.uasset" 243
"../../../../SacredBlade/SacredBlade/Content/StarterContent/Materials/M_Glass.uasset" 244
"../../../../SacredBlade/SacredBlade/Content/StarterContent/Textures/T_Door_M.uasset" 245
"../../../../SacredBlade/SacredBlade/Content/StarterContent/Textures/T_Door_N.uasset" 246
"../../../../SacredBlade/SacredBlade/Content/StarterContent/Props/Materials/M_Door.uasset" 247
"../../../../SacredBlade/SacredBlade/Content/StarterContent/Props/SM_Door.uasset" 248
"../../../../SacredBlade/SacredBlade/Content/StarterContent/Props/Materials/M_MaterialSphere.uasset" 249
"../../../../SacredBlade/SacredBlade/Content/StarterContent/Props/Materials/M_MaterialSphere_Plain.uasset" 250
"../../../../SacredBlade/SacredBlade/Content/StarterContent/Props/SM_MatPreviewMesh_02.uasset" 251
"../../../../SacredBlade/SacredBlade/Content/StarterContent/Textures/T_Detail_Rocky_N.uasset" 252
"../../../../SacredBlade/SacredBlade/Content/StarterContent/Textures/T_Rock_Basalt_D.uasset" 253
"../../../../SacredBlade/SacredBlade/Content/StarterContent/Textures/T_RockMesh_M.uasset" 254
"../../../../SacredBlade/SacredBlade/Content/StarterContent/Textures/T_RockMesh_N.uasset" 255
"../../../../SacredBlade/SacredBlade/Content/StarterContent/Props/Materials/M_Rock.uasset" 256
"../../../../SacredBlade/SacredBlade/Content/StarterContent/Props/SM_Rock.uasset" 257
"../../../../SacredBlade/SacredBlade/Content/StarterContent/Textures/T_Shelf_M.uasset" 258
"../../../../SacredBlade/SacredBlade/Content/StarterContent/Textures/T_Shelf_N.uasset" 259
"../../../../SacredBlade/SacredBlade/Content/StarterContent/Props/Materials/M_Shelf.uasset" 260
"../../../../SacredBlade/SacredBlade/Content/StarterContent/Props/SM_Shelf.uasset" 261
"../../../../SacredBlade/SacredBlade/Content/StarterContent/Materials/M_Basic_Floor.uasset" 262
"../../../../SacredBlade/SacredBlade/Content/StarterContent/Props/SM_Stairs.uasset" 263
"../../../../SacredBlade/SacredBlade/Content/StarterContent/Shapes/Shape_Cone.uasset" 264
"../../../../SacredBlade/SacredBlade/Content/StarterContent/Shapes/Shape_Cylinder.uasset" 265
"../../../../SacredBlade/SacredBlade/Content/StarterContent/Shapes/Shape_NarrowCapsule.uasset" 266
"../../../../SacredBlade/SacredBlade/Content/StarterContent/Shapes/Shape_Pipe.uasset" 267
"../../../../SacredBlade/SacredBlade/Content/StarterContent/Shapes/Shape_Pipe_180.uasset" 268
"../../../../SacredBlade/SacredBlade/Content/StarterContent/Shapes/Shape_Pipe_90.uasset" 269
"../../../../SacredBlade/SacredBlade/Content/StarterContent/Shapes/Shape_Plane.uasset" 270
"../../../../SacredBlade/SacredBlade/Content/StarterContent/Shapes/Shape_Torus.uasset" 271
"../../../../SacredBlade/SacredBlade/Content/StarterContent/Shapes/Shape_Trim.uasset" 272
"../../../../SacredBlade/SacredBlade/Content/StarterContent/Shapes/Shape_Trim_90_In.uasset" 273
"../../../../SacredBlade/SacredBlade/Content/StarterContent/Shapes/Shape_Trim_90_Out.uasset" 274
"../../../../SacredBlade/SacredBlade/Content/StarterContent/Shapes/Shape_TriPyramid.uasset" 275
"../../../../SacredBlade/SacredBlade/Content/StarterContent/Shapes/Shape_Tube.uasset" 276
"../../../../SacredBlade/SacredBlade/Content/StarterContent/Shapes/Shape_Wedge_A.uasset" 277
"../../../../SacredBlade/SacredBlade/Content/StarterContent/Shapes/Shape_Wedge_B.uasset" 278
"../../../../SacredBlade/SacredBlade/Content/StarterContent/Shapes/Shape_WideCapsule.uasset" 279
"../../../Engine/Content/Animation/DefaultAnimCurveCompressionSettings.uasset" 280
"../../../Engine/Content/ArtTools/RenderToTexture/Meshes/S_1_Unit_Plane.uasset" 281
"../../../Engine/Content/BasicShapes/Cone.uasset" 282
"../../../Engine/Content/BasicShapes/Cylinder.uasset" 283
"../../../Engine/Content/BasicShapes/Plane.uasset" 284
"../../../Engine/Content/EditorLandscapeResources/DataLayer.uasset" 285
"../../../Engine/Content/EditorMaterials/GizmoMaterial.uasset" 286
"../../../Engine/Content/EditorMaterials/MAT_Groups_Toggle.uasset" 287
"../../../Engine/Content/EditorMaterials/MAT_Groups_Visibility.uasset" 288
"../../../Engine/Content/EditorMaterials/PreviewShadowIndicator.uasset" 289
"../../../Engine/Content/EditorMaterials/PreviewShadowIndicatorMaterial.uasset" 290
"../../../Engine/Content/EditorMaterials/MatineeGroups/MAT_ColorTrack.uasset" 291
"../../../Engine/Content/EditorMaterials/MatineeGroups/MAT_Groups_Anim.uasset" 292
"../../../Engine/Content/EditorMaterials/MatineeGroups/MAT_Groups_AudioMaster.uasset" 293
"../../../Engine/Content/EditorMaterials/MatineeGroups/MAT_Groups_Director.uasset" 294
"../../../Engine/Content/EditorMaterials/MatineeGroups/MAT_Groups_Event.uasset" 295
"../../../Engine/Content/EditorMaterials/MatineeGroups/MAT_Groups_Fade.uasset" 296
"../../../Engine/Content/EditorMaterials/MatineeGroups/MAT_Groups_Float.uasset" 297
"../../../Engine/Content/EditorMaterials/MatineeGroups/MAT_Groups_Move.uasset" 298
"../../../Engine/Content/EditorMaterials/MatineeGroups/MAT_Groups_Slomo.uasset" 299
"../../../Engine/Content/EditorMaterials/MatineeGroups/MAT_Groups_Sound.uasset" 300
"../../../Engine/Content/EditorMaterials/MatineeGroups/MAT_Groups_Vector.uasset" 301
"../../../Engine/Content/EditorMaterials/ParticleSystems/PSysThumbnail_NoImage.uasset" 302
"../../../Engine/Content/EditorMaterials/ParticleSystems/PSysThumbnail_OOD.uasset" 303
"../../../Engine/Content/EditorMaterials/Camera/CineMat.uasset" 304
"../../../Engine/Content/EditorMaterials/Camera/MI_CineMat_Rig.uasset" 305
"../../../Engine/Content/EditorMeshes/Camera/SM_CraneRig_Arm.uasset" 306
"../../../Engine/Content/EditorMeshes/Camera/SM_CraneRig_Base.uasset" 307
"../../../Engine/Content/EditorMeshes/Camera/SM_CraneRig_Body.uasset" 308
"../../../Engine/Content/EditorMeshes/Camera/SM_CraneRig_Mount.uasset" 309
"../../../Engine/Content/EditorMeshes/Camera/SM_RailRig_Mount.uasset" 310
"../../../Engine/Content/EditorMeshes/Camera/SM_RailRig_Track.uasset" 311
"../../../Engine/Content/EditorResources/BSPVertex.uasset" 312
"../../../Engine/Content/EditorResources/EmptyActor.uasset" 313
"../../../Engine/Content/EditorResources/S_Actor.uasset" 314
"../../../Engine/Content/EditorResources/S_Note.uasset" 315
"../../../Engine/Content/EditorResources/S_Trigger.uasset" 316
"../../../Engine/Content/EditorResources/AudioIcons/S_AudioComponent.uasset" 317
"../../../Engine/Content/EditorResources/AudioIcons/S_AudioComponent_AutoActivate.uasset" 318
"../../../Engine/Content/EditorResources/LightIcons/S_LightError.uasset" 319
"../../../Engine/Content/EditorResources/SequenceRecorder/Countdown.uasset" 320
"../../../Engine/Content/EditorResources/SequenceRecorder/RecordingIndicator.uasset" 321
"../../../Engine/Content/EditorSounds/Notifications/CompileFailed.uasset" 322
"../../../Engine/Content/EditorSounds/Notifications/CompileFailed_Cue.uasset" 323
"../../../Engine/Content/EditorSounds/Notifications/CompileSuccess.uasset" 324
"../../../Engine/Content/EditorSounds/Notifications/CompileStart_Cue.uasset" 325
"../../../Engine/Content/EditorSounds/Notifications/CompileSuccess_Cue.uasset" 326
"../../../Engine/Content/EngineDamageTypes/DmgTypeBP_Environmental.uasset" 327
"../../../Engine/Content/EngineDebugMaterials/HeatmapGradient.uasset" 328
"../../../Engine/Content/EngineDebugMaterials/BoneWeightMaterial.uasset" 329
"../../../Engine/Content/EngineDebugMaterials/ClothMaterial.uasset" 330
"../../../Engine/Content/EngineDebugMaterials/ClothMaterial_WF.uasset" 331
"../../../Engine/Content/EngineDebugMaterials/DebugEditorMaterial.uasset" 332
"../../../Engine/Content/EngineDebugMaterials/DebugMeshMaterial.uasset" 333
"../../../Engine/Content/EngineDebugMaterials/GeomMaterial.uasset" 334
"../../../Engine/Content/EngineDebugMaterials/M_SimpleTranslucent.uasset" 335
"../../../Engine/Content/EngineFonts/Faces/RobotoBold.uasset" 336
"../../../Engine/Content/EngineFonts/Faces/RobotoBoldItalic.uasset" 337
"../../../Engine/Content/EngineFonts/Faces/RobotoItalic.uasset" 338
"../../../Engine/Content/EngineFonts/Faces/RobotoLight.uasset" 339
"../../../Engine/Content/EngineFonts/Faces/RobotoRegular.uasset" 340
"../../../Engine/Content/EngineFonts/Roboto.uasset" 341
"../../../Engine/Content/EngineFonts/Faces/RobotoTiny.uasset" 342
"../../../Engine/Content/EngineFonts/RobotoTiny.uasset" 343
"../../../Engine/Content/EngineMaterials/BaseFlattenDiffuseMap.uasset" 344
"../../../Engine/Content/EngineMaterials/BaseFlattenEmissiveMap.uasset" 345
"../../../Engine/Content/EngineMaterials/BaseFlattenGrayscaleMap.uasset" 346
"../../../Engine/Content/EngineMaterials/BaseFlattenNormalMap.uasset" 347
"../../../Engine/Content/EngineMaterials/BaseFlattenMaterial.uasset" 348
"../../../Engine/Content/EngineMaterials/DefaultBloomKernel.uasset" 349
"../../../Engine/Content/EngineMaterials/DefaultBokeh.uasset" 350
"../../../Engine/Content/EngineMaterials/DefaultDiffuse.uasset" 351
"../../../Engine/Content/EngineMaterials/DefaultDeferredDecalMaterial.uasset" 352
"../../../Engine/Content/EngineMaterials/DefaultLightFunctionMaterial.uasset" 353
"../../../Engine/Content/EngineMaterials/DefaultPhysicalMaterial.uasset" 354
"../../../Engine/Content/Functions/Engine_MaterialFunctions02/Utility/BreakOutFloat2Components.uasset" 355
"../../../Engine/Content/EngineMaterials/DefaultPostProcessMaterial.uasset" 356
"../../../Engine/Content/EngineFonts/RobotoDistanceField.uasset" 357
"../../../Engine/Content/EngineMaterials/DefaultTextMaterialOpaque.uasset" 358
"../../../Engine/Content/EngineMaterials/DefaultWhiteGrid.uasset" 359
"../../../Engine/Content/EngineMaterials/EditorBrushMaterial.uasset" 360
"../../../Engine/Content/EngineMaterials/Good64x64TilingNoiseHighFreq.uasset" 361
"../../../Engine/Content/EngineMaterials/MiniFont.uasset" 362
"../../../Engine/Content/EngineMaterials/InvalidLightmapSettings.uasset" 363
"../../../Engine/Content/EngineMaterials/M_InvalidLightmapSettings.uasset" 364
"../../../Engine/Content/Functions/Engine_MaterialFunctions02/WorldPositionOffset/CameraOffset.uasset" 365
"../../../Engine/Content/EngineMaterials/PhAT_JointLimitMaterial.uasset" 366
"../../../Engine/Content/EngineMaterials/PreintegratedSkinBRDF.uasset" 367
"../../../Engine/Content/EngineMaterials/RemoveSurfaceMaterial.uasset" 368
"../../../Engine/Content/EngineMaterials/WeightMapPlaceholderTexture.uasset" 369
"../../../Engine/Content/EngineResources/WhiteSquareTexture.uasset" 370
"../../../Engine/Content/EngineMaterials/Widget3DPassThrough.uasset" 371
"../../../Engine/Content/EngineMaterials/Widget3DPassThrough_Masked.uasset" 372
"../../../Engine/Content/EngineMaterials/Widget3DPassThrough_Opaque.uasset" 373
"../../../Engine/Content/EngineMaterials/Widget3DPassThrough_Masked_OneSided.uasset" 374
"../../../Engine/Content/EngineMaterials/Widget3DPassThrough_Opaque_OneSided.uasset" 375
"../../../Engine/Content/EngineMaterials/Widget3DPassThrough_Translucent.uasset" 376
"../../../Engine/Content/EngineMaterials/Widget3DPassThrough_Translucent_OneSided.uasset" 377
"../../../Engine/Content/EngineMeshes/Cylinder.uasset" 378
"../../../Engine/Content/EngineMeshes/Sphere.uasset" 379
"../../../Engine/Content/EngineResources/Black.uasset" 380
"../../../Engine/Content/EngineResources/DefaultTexture.uasset" 381
"../../../Engine/Content/EngineResources/DefaultTextureCube.uasset" 382
"../../../Engine/Content/EngineResources/DefaultVolumeTexture2D.uasset" 383
"../../../Engine/Content/EngineResources/DefaultVolumeTexture.uasset" 384
"../../../Engine/Content/EngineResources/GradientTexture0.uasset" 385
"../../../Engine/Content/EngineSounds/Master.uasset" 386
"../../../Engine/Content/Functions/Engine_MaterialFunctions01/Shading/ConvertFromDiffSpec.uasset" 387
"../../../Engine/Content/Functions/Engine_MaterialFunctions01/Shading/PowerToRoughness.uasset" 388
"../../../Engine/Content/Maps/Templates/Thumbnails/Default.uasset" 389
"../../../Engine/Content/Maps/Templates/Thumbnails/VR-Basic.uasset" 390
"../../../Engine/Content/MobileResources/T_MobileControls_texture.uasset" 391
"../../../Engine/Content/MobileResources/T_MobileMenu2.uasset" 392
"../../../Engine/Content/MobileResources/HUD/AnalogHat.uasset" 393
"../../../Engine/Content/MobileResources/HUD/VirtualJoystick_Background.uasset" 394
"../../../Engine/Content/MobileResources/HUD/VirtualJoystick_Thumb.uasset" 395
"../../../Engine/Content/MobileResources/HUD/DefaultVirtualJoysticks.uasset" 396
"../../../Engine/Content/MobileResources/HUD/LeftVirtualJoystickOnly.uasset" 397
"../../../Engine/Content/MobileResources/HUD/MobileHUDButton1_off.uasset" 398
"../../../Engine/Content/MobileResources/HUD/MobileHUDButton1_on.uasset" 399
"../../../Engine/Content/MobileResources/HUD/MobileHUDButton2_off.uasset" 400
"../../../Engine/Content/MobileResources/HUD/MobileHUDButton2_on.uasset" 401
"../../../Engine/Content/MobileResources/HUD/MobileHUDButton3.uasset" 402
"../../../Engine/Content/MobileResources/HUD/MobileHUDButtonFire.uasset" 403
"../../../Engine/Content/MobileResources/HUD/MobileHUDDirectionPad.uasset" 404
"../../../Engine/Content/MobileResources/HUD/MobileHUDDirectionPad2.uasset" 405
"../../../Engine/Content/MobileResources/HUD/MobileHUDDirectionPad3.uasset" 406
"../../../Engine/Content/MobileResources/HUD/MobileHUDDirectionStick.uasset" 407
"../../../Engine/Content/MobileResources/HUD/T_Castle_ThumbstickInner.uasset" 408
"../../../Engine/Content/MobileResources/HUD/T_Castle_ThumbstickOutter.uasset" 409
"../../../Engine/Content/Tutorial/ContentIntroCurve.uasset" 410
"../../../Engine/Content/Tutorial/Basics/LevelEditorAttract.uasset" 411
"../../../Engine/Content/VREditor/LaserPointer/VR_LaserPower_01.uasset" 412
"../../../Engine/Content/VREditor/TransformGizmo/TransformGizmoMaterial.uasset" 413
"../../../Engine/Content/VREditor/TransformGizmo/TranslucentTransformGizmoMaterial.uasset" 414
"../../../Engine/Content/VREditor/TransformGizmo/BoundingBoxCorner.uasset" 415
"../../../Engine/Content/VREditor/TransformGizmo/BoundingBoxEdge.uasset" 416
"../../../Engine/Content/VREditor/TransformGizmo/PlaneTranslationHandle.uasset" 417
"../../../Engine/Content/VREditor/TransformGizmo/Main.uasset" 418
"../../../Engine/Content/VREditor/TransformGizmo/Xray.uasset" 419
"../../../Engine/Content/VREditor/TransformGizmo/SM_Sequencer_Key.uasset" 420
"../../../Engine/Content/VREditor/TransformGizmo/SM_Sequencer_Node.uasset" 421
"../../Plugins/2D/Paper2D/Content/PlaceholderTextures/DummySpriteTexture.uasset" 422
"../../Plugins/2D/Paper2D/Content/DummySprite.uasset" 423
"../../Plugins/2D/Paper2D/Content/DefaultPaperTerrainMaterial.uasset" 424
"../../Plugins/2D/Paper2D/Content/DummySpriteTexture.uasset" 425
"../../Plugins/2D/Paper2D/Content/DefaultSpriteMaterial.uasset" 426
"../../Plugins/2D/Paper2D/Content/MaskedUnlitSpriteMaterial.uasset" 427
"../../Plugins/2D/Paper2D/Content/OpaqueUnlitSpriteMaterial.uasset" 428
"../../Plugins/Runtime/Oculus/OculusVR/Content/OculusMR_RenderTarget.uasset" 429
"../../../Engine/Content/Functions/Engine_MaterialFunctions02/Utility/BreakOutFloat4Components.uasset" 430
"../../../Engine/Content/Functions/Engine_MaterialFunctions02/Utility/MakeFloat2.uasset" 431
"../../../Engine/Content/Functions/Engine_MaterialFunctions02/Utility/MakeFloat3.uasset" 432
"../../Plugins/Runtime/Oculus/OculusVR/Content/Materials/OculusMR_ChromaKey.uasset" 433
"../../Plugins/Runtime/Oculus/OculusVR/Content/Materials/OculusMR_ChromaKey_Lit.uasset" 434
"../../Plugins/Runtime/Oculus/OculusVR/Content/Materials/OculusMR_OpaqueColoredMaterial.uasset" 435
"../../Plugins/Runtime/Oculus/OculusVR/Content/Materials/OculusMR_WhiteMaterial.uasset" 436
"../../Plugins/Runtime/Oculus/OculusVR/Content/Materials/PokeAHoleMaterial.uasset" 437
"../../Plugins/Runtime/Oculus/OculusVR/Content/Textures/GearVRController_AO.uasset" 438
"../../Plugins/Runtime/Oculus/OculusVR/Content/Textures/GearVRController_Color.uasset" 439
"../../Plugins/Runtime/Oculus/OculusVR/Content/Textures/GearVRController_Normal.uasset" 440
"../../Plugins/Runtime/Oculus/OculusVR/Content/Materials/GearVRControllerMaterial.uasset" 441
"../../Plugins/Runtime/Oculus/OculusVR/Content/Meshes/GearVrController.uasset" 442
"../../Plugins/Runtime/Oculus/OculusVR/Content/Textures/touchController_albedo.uasset" 443
"../../Plugins/Runtime/Oculus/OculusVR/Content/Textures/touchController_controlmap.uasset" 444
"../../Plugins/Runtime/Oculus/OculusVR/Content/Materials/touchController_mat.uasset" 445
"../../Plugins/Runtime/Oculus/OculusVR/Content/Meshes/LeftTouchController.uasset" 446
"../../Plugins/Runtime/Oculus/OculusVR/Content/Meshes/RiftHMD.uasset" 447
"../../Plugins/Runtime/Oculus/OculusVR/Content/Meshes/RightTouchController.uasset" 448
"../../../../SacredBlade/SacredBlade/Content/Explosions/RibbonTester_v3.uasset" 449
"../../../../SacredBlade/SacredBlade/Content/Explosions/DemoRoom/Materials/DefaultTextMaterialTranslucentUnlit.uasset" 450
"../../../../SacredBlade/SacredBlade/Content/Explosions/DemoRoom/Materials/M_DemoWall_Inst.uasset" 451
"../../../../SacredBlade/SacredBlade/Content/Explosions/DemoRoom/Materials/M_DemoWall_Inst_3.uasset" 452
"../../../../SacredBlade/SacredBlade/Content/Explosions/DemoRoom/Materials/M_DemoWall_Inst_NamePlate.uasset" 453
"../../../../SacredBlade/SacredBlade/Content/Explosions/DemoRoom/Materials/M_DemoWall_Inst_BaseFloor_Inst.uasset" 454
"../../../../SacredBlade/SacredBlade/Content/Explosions/DemoRoom/BluePrints/BP_DemoDisplay_Enum.uasset" 455
"../../../../SacredBlade/SacredBlade/Content/Explosions/DemoRoom/Meshes/SM_Base.uasset" 456
"../../../../SacredBlade/SacredBlade/Content/Explosions/DemoRoom/Meshes/SM_Base2.uasset" 457
"../../../../SacredBlade/SacredBlade/Content/Explosions/DemoRoom/Meshes/SM_Base_FlatWall.uasset" 458
"../../../../SacredBlade/SacredBlade/Content/Explosions/DemoRoom/Meshes/SM_BaseRoom.uasset" 459
"../../../../SacredBlade/SacredBlade/Content/Explosions/DemoRoom/Meshes/SM_NamePlate.uasset" 460
"../../../../SacredBlade/SacredBlade/Content/Explosions/DemoRoom/BluePrints/BP_DemoDisplay.uasset" 461
"../../../../SacredBlade/SacredBlade/Content/Explosions/DemoRoom/Textures/T_UnrealEngineDecal.uasset" 462
"../../../../SacredBlade/SacredBlade/Content/Explosions/DemoRoom/Materials/M_Glass.uasset" 463
"../../../../SacredBlade/SacredBlade/Content/Explosions/DemoRoom/Textures/T_RoomTiles_M.uasset" 464
"../../../../SacredBlade/SacredBlade/Content/Explosions/DemoRoom/Textures/T_RoomTiles_N.uasset" 465
"../../../../SacredBlade/SacredBlade/Content/Explosions/DemoRoom/Materials/M_DemoRoomTiles.uasset" 466
"../../../../SacredBlade/SacredBlade/Content/Explosions/DemoRoom/Materials/M_DemoRoomTiles_Inst.uasset" 467
"../../../../SacredBlade/SacredBlade/Content/Explosions/DemoRoom/Textures/T_Pattern_M.uasset" 468
"../../../../SacredBlade/SacredBlade/Content/Explosions/DemoRoom/Materials/M_DemoWallPattern.uasset" 469
"../../../../SacredBlade/SacredBlade/Content/Explosions/DemoRoom/Materials/M_DemoWallPattern_Inst.uasset" 470
"../../../../SacredBlade/SacredBlade/Content/Explosions/DemoRoom/Materials/M_DemoWallPattern_Inst_Mirrored.uasset" 471
"../../../../SacredBlade/SacredBlade/Content/Explosions/DemoRoom/Materials/M_DemoWallPattern_NoText.uasset" 472
"../../../../SacredBlade/SacredBlade/Content/Explosions/DemoRoom/Materials/M_Glass_Inst.uasset" 473
"../../../../SacredBlade/SacredBlade/Content/Explosions/DemoRoom/BluePrints/BP_DemoRoom_Enum.uasset" 474
"../../../../SacredBlade/SacredBlade/Content/Explosions/DemoRoom/Meshes/SM_DemoDivider_1.uasset" 475
"../../../../SacredBlade/SacredBlade/Content/Explosions/DemoRoom/Meshes/SM_DemoDivider_2.uasset" 476
"../../../../SacredBlade/SacredBlade/Content/Explosions/DemoRoom/Meshes/SM_DemoRoomBackWall.uasset" 477
"../../../../SacredBlade/SacredBlade/Content/Explosions/DemoRoom/Materials/M_DemoWall_MattPlastic.uasset" 478
"../../../../SacredBlade/SacredBlade/Content/Explosions/DemoRoom/Meshes/SM_DemoRoomBackWall2.uasset" 479
"../../../../SacredBlade/SacredBlade/Content/Explosions/DemoRoom/Materials/M_LightTube.uasset" 480
"../../../../SacredBlade/SacredBlade/Content/Explosions/DemoRoom/Materials/M_LightTube_Inst.uasset" 481
"../../../../SacredBlade/SacredBlade/Content/Explosions/DemoRoom/Meshes/SM_DemoRoomClamp.uasset" 482
"../../../../SacredBlade/SacredBlade/Content/Explosions/DemoRoom/Meshes/SM_DemoRoomClamp2.uasset" 483
"../../../../SacredBlade/SacredBlade/Content/Explosions/DemoRoom/Meshes/SM_DemoRoomL.uasset" 484
"../../../../SacredBlade/SacredBlade/Content/Explosions/DemoRoom/Meshes/SM_DemoRoomLTrim.uasset" 485
"../../../../SacredBlade/SacredBlade/Content/Explosions/DemoRoom/Meshes/SM_DemoRoomTrim.uasset" 486
"../../../../SacredBlade/SacredBlade/Content/Explosions/DemoRoom/Meshes/SM_DemoRoomTrim2.uasset" 487
"../../../../SacredBlade/SacredBlade/Content/Explosions/DemoRoom/Meshes/SM_DemoRoomTrimAdd.uasset" 488
"../../../../SacredBlade/SacredBlade/Content/Explosions/DemoRoom/Meshes/SM_DemoRoomU.uasset" 489
"../../../../SacredBlade/SacredBlade/Content/Explosions/DemoRoom/Meshes/SM_DemoRoomU2.uasset" 490
"../../../../SacredBlade/SacredBlade/Content/Explosions/DemoRoom/Meshes/SM_DemoRoomU_Hole.uasset" 491
"../../../../SacredBlade/SacredBlade/Content/Explosions/DemoRoom/Meshes/SM_URoom_Wall.uasset" 492
"../../../../SacredBlade/SacredBlade/Content/Explosions/DemoRoom/Meshes/SM_URoom_Wall2.uasset" 493
"../../../../SacredBlade/SacredBlade/Content/Explosions/DemoRoom/BluePrints/BP_DemoRoom.uasset" 494
"../../../../SacredBlade/SacredBlade/Content/Explosions/DemoRoom/BluePrints/DefPawn.uasset" 495
"../../../../SacredBlade/SacredBlade/Content/Explosions/DemoRoom/BluePrints/PhysicsDemoPlayerController.uasset" 496
"../../../../SacredBlade/SacredBlade/Content/Explosions/DemoRoom/BluePrints/CE_Game.uasset" 497
"../../../Engine/Content/MapTemplates/Sky/M_BlackBackground.uasset" 498
"../../../../SacredBlade/SacredBlade/Content/Explosions/DemoRoom/Textures/SupportInfo.uasset" 499
"../../../../SacredBlade/SacredBlade/Content/Explosions/DemoRoom/Materials/M_Abatron.uasset" 500
"../../../Engine/Content/MapTemplates/Bokeh_5Sides.uasset" 501
"../../../Engine/Content/MapTemplates/Sky/T_Sky_Stars.uasset" 502
"../../../Engine/Content/MapTemplates/Sky/T_UDK_Sky_CloudMask01_N.uasset" 503
"../../../Engine/Content/MapTemplates/T_UDK_Sky_CloudMask03.uasset" 504
"../../../Engine/Content/MapTemplates/Sky/M_Procedural_Sky_MASTER02.uasset" 505
"../../../Engine/Content/MapTemplates/Sky/SM_SkySphere.uasset" 506
"../../../Engine/Content/MapTemplates/T_ScreenDirt02_w.uasset" 507
"../../../../SacredBlade/SacredBlade/Content/Explosions/Textures/Burst1.uasset" 508
"../../../../SacredBlade/SacredBlade/Content/Explosions/Mats/Burst1.uasset" 509
"../../../../SacredBlade/SacredBlade/Content/Explosions/Particles/P_Burst1.uasset" 510
"../../../../SacredBlade/SacredBlade/Content/Explosions/Textures/Burst2.uasset" 511
"../../../../SacredBlade/SacredBlade/Content/Explosions/Mats/Burst2.uasset" 512
"../../../../SacredBlade/SacredBlade/Content/Explosions/Particles/P_Burst2.uasset" 513
"../../../../SacredBlade/SacredBlade/Content/Explosions/Mats/Distortion1.uasset" 514
"../../../../SacredBlade/SacredBlade/Content/Explosions/Textures/Explodebase1_2k.uasset" 515
"../../../../SacredBlade/SacredBlade/Content/Explosions/Mats/Explodebase1_Mat.uasset" 516
"../../../../SacredBlade/SacredBlade/Content/Explosions/Textures/Fireballs1_2K.uasset" 517
"../../../../SacredBlade/SacredBlade/Content/Explosions/Mats/ExplodeFireball_Mat.uasset" 518
"../../../../SacredBlade/SacredBlade/Content/Explosions/Mats/ShocktorusNoEdge.uasset" 519
"../../../../SacredBlade/SacredBlade/Content/Explosions/Textures/Smoke1c_2k.uasset" 520
"../../../../SacredBlade/SacredBlade/Content/Explosions/Mats/Smoke3_M.uasset" 521
"../../../../SacredBlade/SacredBlade/Content/Explosions/Mesh/shockcracklepoles.uasset" 522
"../../../../SacredBlade/SacredBlade/Content/Explosions/Particles/P_Destruction1.uasset" 523
"../../../../SacredBlade/SacredBlade/Content/Explosions/Particles/P_Distortion1.uasset" 524
"../../../../SacredBlade/SacredBlade/Content/Explosions/Textures/water2N.uasset" 525
"../../../../SacredBlade/SacredBlade/Content/Explosions/Mats/Distortion1b.uasset" 526
"../../../../SacredBlade/SacredBlade/Content/Explosions/Particles/P_Distortion1b.uasset" 527
"../../../../SacredBlade/SacredBlade/Content/Explosions/Mesh/shockdome3.uasset" 528
"../../../../SacredBlade/SacredBlade/Content/Explosions/Particles/P_Distortion3D.uasset" 529
"../../../../SacredBlade/SacredBlade/Content/Explosions/Textures/RandomNormal2.uasset" 530
"../../../../SacredBlade/SacredBlade/Content/Explosions/Mats/DistortionSq.uasset" 531
"../../../../SacredBlade/SacredBlade/Content/Explosions/Particles/P_DistortionSq.uasset" 532
"../../../../SacredBlade/SacredBlade/Content/Explosions/Particles/P_Explode1.uasset" 533
"../../../../SacredBlade/SacredBlade/Content/Explosions/Textures/Explodebase1Bot_2k.uasset" 534
"../../../../SacredBlade/SacredBlade/Content/Explosions/Mats/Explodelowsmoke_Mat.uasset" 535
"../../../../SacredBlade/SacredBlade/Content/Explosions/Particles/P_Explode2.uasset" 536
"../../../../SacredBlade/SacredBlade/Content/Explosions/Mats/FBLoop1_Mat.uasset" 537
"../../../../SacredBlade/SacredBlade/Content/Explosions/Particles/P_Explode3.uasset" 538
"../../../../SacredBlade/SacredBlade/Content/Explosions/Textures/Explodebase1Side3_2K.uasset" 539
"../../../../SacredBlade/SacredBlade/Content/Explosions/Mats/Explosive1_M.uasset" 540
"../../../../SacredBlade/SacredBlade/Content/Explosions/Particles/P_Explosive1.uasset" 541
"../../../../SacredBlade/SacredBlade/Content/Explosions/Textures/Mushroom1Side1_2K.uasset" 542
"../../../../SacredBlade/SacredBlade/Content/Explosions/Mats/Explosive10_M.uasset" 543
"../../../../SacredBlade/SacredBlade/Content/Explosions/Particles/P_Explosive10.uasset" 544
"../../../../SacredBlade/SacredBlade/Content/Explosions/Textures/Mushroom1top_2K.uasset" 545
"../../../../SacredBlade/SacredBlade/Content/Explosions/Mats/Explosive11_M.uasset" 546
"../../../../SacredBlade/SacredBlade/Content/Explosions/Particles/P_Explosive11.uasset" 547
"../../../../SacredBlade/SacredBlade/Content/Explosions/Textures/Explodebase1Top_2K.uasset" 548
"../../../../SacredBlade/SacredBlade/Content/Explosions/Mats/Explosive2_M.uasset" 549
"../../../../SacredBlade/SacredBlade/Content/Explosions/Particles/P_Explosive2.uasset" 550
"../../../../SacredBlade/SacredBlade/Content/Explosions/Textures/ExplosionPreset_Bot_2K.uasset" 551
"../../../../SacredBlade/SacredBlade/Content/Explosions/Mats/Explosive3_M.uasset" 552
"../../../../SacredBlade/SacredBlade/Content/Explosions/Particles/P_Explosive3.uasset" 553
"../../../../SacredBlade/SacredBlade/Content/Explosions/Textures/ExplosionPreset_Side_2K.uasset" 554
"../../../../SacredBlade/SacredBlade/Content/Explosions/Mats/Explosive4_M.uasset" 555
"../../../../SacredBlade/SacredBlade/Content/Explosions/Particles/P_Explosive4.uasset" 556
"../../../../SacredBlade/SacredBlade/Content/Explosions/Textures/ExplosionPreset_Top_2K.uasset" 557
"../../../../SacredBlade/SacredBlade/Content/Explosions/Mats/Explosive5_M.uasset" 558
"../../../../SacredBlade/SacredBlade/Content/Explosions/Particles/P_Explosive5.uasset" 559
"../../../../SacredBlade/SacredBlade/Content/Explosions/Textures/Fireballs1SideB_2K.uasset" 560
"../../../../SacredBlade/SacredBlade/Content/Explosions/Mats/Explosive6_M.uasset" 561
"../../../../SacredBlade/SacredBlade/Content/Explosions/Particles/P_Explosive6.uasset" 562
"../../../../SacredBlade/SacredBlade/Content/Explosions/Textures/Fireballs1Top_2K.uasset" 563
"../../../../SacredBlade/SacredBlade/Content/Explosions/Mats/Explosive7_M.uasset" 564
"../../../../SacredBlade/SacredBlade/Content/Explosions/Particles/P_Explosive7.uasset" 565
"../../../../SacredBlade/SacredBlade/Content/Explosions/Particles/P_Explosive8.uasset" 566
"../../../../SacredBlade/SacredBlade/Content/Explosions/Mats/Explosive9_M.uasset" 567
"../../../../SacredBlade/SacredBlade/Content/Explosions/Particles/P_Explosive9.uasset" 568
"../../../../SacredBlade/SacredBlade/Content/Explosions/Textures/Fire2a_2k.uasset" 569
"../../../../SacredBlade/SacredBlade/Content/Explosions/Mats/Fire1_M.uasset" 570
"../../../../SacredBlade/SacredBlade/Content/Explosions/Particles/P_Fire1.uasset" 571
"../../../../SacredBlade/SacredBlade/Content/Explosions/Textures/Fire2b_2k.uasset" 572
"../../../../SacredBlade/SacredBlade/Content/Explosions/Mats/Fire2_M.uasset" 573
"../../../../SacredBlade/SacredBlade/Content/Explosions/Particles/P_Fire2.uasset" 574
"../../../../SacredBlade/SacredBlade/Content/Explosions/Textures/Fire2c_2k.uasset" 575
"../../../../SacredBlade/SacredBlade/Content/Explosions/Mats/Fire3_M.uasset" 576
"../../../../SacredBlade/SacredBlade/Content/Explosions/Particles/P_Fire3.uasset" 577
"../../../../SacredBlade/SacredBlade/Content/Explosions/Textures/Fire2d_2k.uasset" 578
"../../../../SacredBlade/SacredBlade/Content/Explosions/Mats/Fire4_M.uasset" 579
"../../../../SacredBlade/SacredBlade/Content/Explosions/Particles/P_Fire4.uasset" 580
"../../../../SacredBlade/SacredBlade/Content/Explosions/Textures/Fire4a_2k.uasset" 581
"../../../../SacredBlade/SacredBlade/Content/Explosions/Mats/Fire5_M.uasset" 582
"../../../../SacredBlade/SacredBlade/Content/Explosions/Particles/P_Fire5.uasset" 583
"../../../../SacredBlade/SacredBlade/Content/Explosions/Textures/Fire4b_2k.uasset" 584
"../../../../SacredBlade/SacredBlade/Content/Explosions/Mats/Fire6_M.uasset" 585
"../../../../SacredBlade/SacredBlade/Content/Explosions/Particles/P_Fire6.uasset" 586
"../../../../SacredBlade/SacredBlade/Content/Explosions/Textures/Fire4c_2k.uasset" 587
"../../../../SacredBlade/SacredBlade/Content/Explosions/Mats/Fire7_M.uasset" 588
"../../../../SacredBlade/SacredBlade/Content/Explosions/Particles/P_Fire7.uasset" 589
"../../../../SacredBlade/SacredBlade/Content/Explosions/Textures/Fire4d_2k.uasset" 590
"../../../../SacredBlade/SacredBlade/Content/Explosions/Mats/Fire8_M.uasset" 591
"../../../../SacredBlade/SacredBlade/Content/Explosions/Particles/P_Fire8.uasset" 592
"../../../../SacredBlade/SacredBlade/Content/Explosions/Textures/flares2.uasset" 593
"../../../../SacredBlade/SacredBlade/Content/Explosions/Mats/flareshimmer1.uasset" 594
"../../../../SacredBlade/SacredBlade/Content/Explosions/Particles/P_FlareShimmer1.uasset" 595
"../../../../SacredBlade/SacredBlade/Content/Explosions/Particles/P_FlareShimmer2.uasset" 596
"../../../../SacredBlade/SacredBlade/Content/Explosions/Mesh/shockwavecrackle.uasset" 597
"../../../../SacredBlade/SacredBlade/Content/Explosions/Particles/P_highimpact.uasset" 598
"../../../../SacredBlade/SacredBlade/Content/Explosions/Textures/Smoke2c_2K.uasset" 599
"../../../../SacredBlade/SacredBlade/Content/Explosions/Mats/Smoke6_M.uasset" 600
"../../../../SacredBlade/SacredBlade/Content/Explosions/Particles/P_ImpactExplosion.uasset" 601
"../../../../SacredBlade/SacredBlade/Content/Explosions/Particles/P_ImpactExplosion2.uasset" 602
"../../../../SacredBlade/SacredBlade/Content/Explosions/Textures/Smoke1a_2K.uasset" 603
"../../../../SacredBlade/SacredBlade/Content/Explosions/Mats/Smoke1_M.uasset" 604
"../../../../SacredBlade/SacredBlade/Content/Explosions/Particles/P_ImpactExplosion3.uasset" 605
"../../../../SacredBlade/SacredBlade/Content/Explosions/Particles/P_ImpactExplosion4.uasset" 606
"../../../../SacredBlade/SacredBlade/Content/Explosions/Textures/burstflare1.uasset" 607
"../../../../SacredBlade/SacredBlade/Content/Explosions/Mats/burstflare1_Mat.uasset" 608
"../../../../SacredBlade/SacredBlade/Content/Explosions/Particles/P_ImpactExplosion5.uasset" 609
"../../../../SacredBlade/SacredBlade/Content/Explosions/Particles/P_ImpactExplosion6.uasset" 610
"../../../../SacredBlade/SacredBlade/Content/Explosions/Textures/Smoke2a_2K.uasset" 611
"../../../../SacredBlade/SacredBlade/Content/Explosions/Mats/Smoke4_M.uasset" 612
"../../../../SacredBlade/SacredBlade/Content/Explosions/Mesh/shockdome2.uasset" 613
"../../../../SacredBlade/SacredBlade/Content/Explosions/Particles/P_ImpactExplosion7.uasset" 614
"../../../../SacredBlade/SacredBlade/Content/Explosions/Particles/P_ImpactExplosion8.uasset" 615
"../../../../SacredBlade/SacredBlade/Content/Explosions/Particles/P_Jets1.uasset" 616
"../../../../SacredBlade/SacredBlade/Content/Explosions/Particles/P_Leaders.uasset" 617
"../../../../SacredBlade/SacredBlade/Content/Explosions/Particles/P_LeadersRing.uasset" 618
"../../../../SacredBlade/SacredBlade/Content/Explosions/Particles/P_RBExplode.uasset" 619
"../../../../SacredBlade/SacredBlade/Content/Explosions/Particles/P_shockwave1.uasset" 620
"../../../../SacredBlade/SacredBlade/Content/Explosions/Particles/P_shockwave10.uasset" 621
"../../../../SacredBlade/SacredBlade/Content/Explosions/Mesh/disc1.uasset" 622
"../../../../SacredBlade/SacredBlade/Content/Explosions/Particles/P_shockwave11.uasset" 623
"../../../../SacredBlade/SacredBlade/Content/Explosions/Mesh/shockball1.uasset" 624
"../../../../SacredBlade/SacredBlade/Content/Explosions/Particles/P_shockwave12.uasset" 625
"../../../../SacredBlade/SacredBlade/Content/Explosions/Mesh/shockball2.uasset" 626
"../../../../SacredBlade/SacredBlade/Content/Explosions/Particles/P_shockwave13.uasset" 627
"../../../../SacredBlade/SacredBlade/Content/Explosions/Particles/P_shockwave14.uasset" 628
"../../../../SacredBlade/SacredBlade/Content/Explosions/Mesh/brokenwave1.uasset" 629
"../../../../SacredBlade/SacredBlade/Content/Explosions/Particles/P_shockwave2.uasset" 630
"../../../../SacredBlade/SacredBlade/Content/Explosions/Mesh/brokenwave2.uasset" 631
"../../../../SacredBlade/SacredBlade/Content/Explosions/Particles/P_shockwave3.uasset" 632
"../../../../SacredBlade/SacredBlade/Content/Explosions/Particles/P_shockwave4.uasset" 633
"../../../../SacredBlade/SacredBlade/Content/Explosions/Mesh/disc2.uasset" 634
"../../../../SacredBlade/SacredBlade/Content/Explosions/Particles/P_shockwave5.uasset" 635
"../../../../SacredBlade/SacredBlade/Content/Explosions/Mesh/shockcracklepoles2.uasset" 636
"../../../../SacredBlade/SacredBlade/Content/Explosions/Particles/P_shockwave6.uasset" 637
"../../../../SacredBlade/SacredBlade/Content/Explosions/Mesh/shockwavedomedn.uasset" 638
"../../../../SacredBlade/SacredBlade/Content/Explosions/Particles/P_shockwave7.uasset" 639
"../../../../SacredBlade/SacredBlade/Content/Explosions/Mesh/shockwavetoruscrackled.uasset" 640
"../../../../SacredBlade/SacredBlade/Content/Explosions/Particles/P_shockwave8.uasset" 641
"../../../../SacredBlade/SacredBlade/Content/Explosions/Particles/P_shockwave9.uasset" 642
"../../../../SacredBlade/SacredBlade/Content/Explosions/Particles/P_Smoke1.uasset" 643
"../../../../SacredBlade/SacredBlade/Content/Explosions/Particles/P_Smoke2.uasset" 644
"../../../../SacredBlade/SacredBlade/Content/Explosions/Particles/P_Smoke3.uasset" 645
"../../../../SacredBlade/SacredBlade/Content/Explosions/Particles/P_Smoke4.uasset" 646
"../../../../SacredBlade/SacredBlade/Content/Explosions/Textures/Smoke2b_2K.uasset" 647
"../../../../SacredBlade/SacredBlade/Content/Explosions/Mats/Smoke5_M.uasset" 648
"../../../../SacredBlade/SacredBlade/Content/Explosions/Particles/P_Smoke5.uasset" 649
"../../../../SacredBlade/SacredBlade/Content/Explosions/Particles/P_Smoke6.uasset" 650
"../../../../SacredBlade/SacredBlade/Content/Explosions/Textures/smokeblack1_2K.uasset" 651
"../../../../SacredBlade/SacredBlade/Content/Explosions/Mats/Smoke7_M.uasset" 652
"../../../../SacredBlade/SacredBlade/Content/Explosions/Particles/P_Smoke7.uasset" 653
"../../../../SacredBlade/SacredBlade/Content/Explosions/Particles/P_SparksFlair.uasset" 654
"../../../../SacredBlade/SacredBlade/Content/Explosions/Maps/Overview.umap" 655
"../../../Engine/Content/EngineSky/C_Sky_Cloud_Color.uasset" 656
"../../../Engine/Content/EngineSky/C_Sky_Horizon_Color.uasset" 657
"../../../Engine/Content/EngineSky/C_Sky_Zenith_Color.uasset" 658
"../../../Engine/Content/EngineSky/T_Sky_Blue.uasset" 659
"../../../Engine/Content/EngineSky/T_Sky_Clouds_M.uasset" 660
"../../../Engine/Content/EngineSky/T_Sky_Stars.uasset" 661
"../../../Engine/Content/EngineSky/M_Sky_Panning_Clouds2.uasset" 662
"../../../Engine/Content/EngineSky/SM_SkySphere.uasset" 663
"../../../Engine/Content/EngineSky/BP_Sky_Sphere.uasset" 664
"../../../../SacredBlade/SacredBlade/Content/UI/Widgets/W_HealthBar.uasset" 665
"../../../../SacredBlade/SacredBlade/Content/Blueprints/BP_PlayerController.uasset" 666
"../../../../SacredBlade/SacredBlade/Content/Blueprints/InitPawn.uasset" 667
"../../../../SacredBlade/SacredBlade/Content/UI/Widgets/W_BossHealthBar.uasset" 668
"../../../../SacredBlade/SacredBlade/Content/Blueprints/BP_GameMode.uasset" 669
"../../../../SacredBlade/SacredBlade/Content/Levels/TestMap_BuiltData.uasset" 670
"../../../Engine/Content/MapTemplates/SM_Template_Map_Floor.uasset" 671
"../../../../SacredBlade/SacredBlade/Content/Levels/TestMap.umap" 672
"../../../../SacredBlade/SacredBlade/Content/StarterContent/Blueprints/Assets/FogBrightnessLUT.uasset" 673
"../../../../SacredBlade/SacredBlade/Content/StarterContent/Blueprints/Assets/SunlightColorLUT.uasset" 674
"../../../../SacredBlade/SacredBlade/Content/StarterContent/Blueprints/Assets/M_LightStage_Arrows.uasset" 675
"../../../Engine/Content/MapTemplates/Sky/DaylightAmbientCubemap.uasset" 676
"../../../../SacredBlade/SacredBlade/Content/StarterContent/Blueprints/Assets/M_LightStage_Skybox_Master.uasset" 677
"../../../../SacredBlade/SacredBlade/Content/StarterContent/Blueprints/Assets/M_LightStage_Skybox_Black.uasset" 678
"../../../../SacredBlade/SacredBlade/Content/StarterContent/Blueprints/Assets/M_LightStage_Skybox_HDRI.uasset" 679
"../../../Engine/Content/EditorMaterials/Thumbnails/SkySphereMaterial.uasset" 680
"../../../../SacredBlade/SacredBlade/Content/StarterContent/Blueprints/Assets/Skybox.uasset" 681
"../../../../SacredBlade/SacredBlade/Content/StarterContent/Blueprints/Assets/SM_Arrows.uasset" 682
"../../../../SacredBlade/SacredBlade/Content/StarterContent/HDRI/HDRI_Epic_Courtyard_Daylight.uasset" 683
"../../../../SacredBlade/SacredBlade/Content/StarterContent/Blueprints/BP_LightStudio.uasset" 684
"../../../../SacredBlade/SacredBlade/Content/StarterContent/Maps/Advanced_Lighting_BuiltData.uasset" 685
"../../../../SacredBlade/SacredBlade/Content/StarterContent/Materials/M_AssetPlatform.uasset" 686
"../../../Engine/Content/EditorMeshes/ColorCalibrator/M_ChromeBall.uasset" 687
"../../../Engine/Content/EditorMeshes/ColorCalibrator/M_ClearCoat.uasset" 688
"../../../Engine/Content/EditorMeshes/ColorCalibrator/M_ClearCoatBlack.uasset" 689
"../../../Engine/Content/EditorMeshes/ColorCalibrator/Color_checker.uasset" 690
"../../../Engine/Content/EditorMeshes/ColorCalibrator/M_ColorGrid.uasset" 691
"../../../Engine/Content/EditorMeshes/ColorCalibrator/M_GreyBall.uasset" 692
"../../../Engine/Content/EditorMeshes/ColorCalibrator/SM_ColorCalibrator.uasset" 693
"../../../../SacredBlade/SacredBlade/Content/StarterContent/Architecture/SM_AssetPlatform.uasset" 694
"../../../../SacredBlade/SacredBlade/Content/StarterContent/Maps/Advanced_Lighting.umap" 695
"../../../../SacredBlade/SacredBlade/Content/StarterContent/Maps/Minimal_Default_BuiltData.uasset" 696
"../../../../SacredBlade/SacredBlade/Content/StarterContent/Textures/T_MacroVariation.uasset" 697
"../../../../SacredBlade/SacredBlade/Content/StarterContent/Materials/M_Metal_Brushed_Nickel.uasset" 698
"../../../../SacredBlade/SacredBlade/Content/StarterContent/Textures/T_Metal_Aluminum_D.uasset" 699
"../../../../SacredBlade/SacredBlade/Content/StarterContent/Textures/T_Metal_Gold_N.uasset" 700
"../../../../SacredBlade/SacredBlade/Content/StarterContent/Materials/M_Metal_Burnished_Steel.uasset" 701
"../../../../SacredBlade/SacredBlade/Content/StarterContent/Textures/T_Metal_Copper_D.uasset" 702
"../../../../SacredBlade/SacredBlade/Content/StarterContent/Materials/M_Metal_Copper.uasset" 703
"../../../../SacredBlade/SacredBlade/Content/StarterContent/Textures/T_Statue_M.uasset" 704
"../../../../SacredBlade/SacredBlade/Content/StarterContent/Textures/T_Statue_N.uasset" 705
"../../../../SacredBlade/SacredBlade/Content/StarterContent/Props/Materials/M_StatueGlass.uasset" 706
"../../../../SacredBlade/SacredBlade/Content/StarterContent/Architecture/Floor_400x400.uasset" 707
"../../../../SacredBlade/SacredBlade/Content/StarterContent/Audio/Starter_Background_Cue.uasset" 708
"../../../../SacredBlade/SacredBlade/Content/StarterContent/Props/SM_Chair.uasset" 709
"../../../../SacredBlade/SacredBlade/Content/StarterContent/Props/Materials/M_Statue.uasset" 710
"../../../../SacredBlade/SacredBlade/Content/StarterContent/Props/SM_Statue.uasset" 711
"../../../../SacredBlade/SacredBlade/Content/StarterContent/Textures/T_TableRound_M.uasset" 712
"../../../../SacredBlade/SacredBlade/Content/StarterContent/Textures/T_TableRound_N.uasset" 713
"../../../../SacredBlade/SacredBlade/Content/StarterContent/Props/Materials/M_TableRound.uasset" 714
"../../../../SacredBlade/SacredBlade/Content/StarterContent/Props/SM_TableRound.uasset" 715
"../../../../SacredBlade/SacredBlade/Content/StarterContent/Maps/Minimal_Default.umap" 716
"../../../../SacredBlade/SacredBlade/Content/StarterContent/Audio/Fire01_Cue.uasset" 717
"../../../../SacredBlade/SacredBlade/Content/StarterContent/Textures/T_Fire_SubUV.uasset" 718
"../../../../SacredBlade/SacredBlade/Content/StarterContent/Textures/T_Fire_Tiled_D.uasset" 719
"../../../../SacredBlade/SacredBlade/Content/StarterContent/Particles/Materials/M_Fire_SubUV.uasset" 720
"../../../../SacredBlade/SacredBlade/Content/StarterContent/Textures/T_Water_N.uasset" 721
"../../../../SacredBlade/SacredBlade/Content/StarterContent/Particles/Materials/M_Heat_Distortion.uasset" 722
"../../../../SacredBlade/SacredBlade/Content/StarterContent/Particles/Materials/M_Radial_Gradient.uasset" 723
"../../../../SacredBlade/SacredBlade/Content/StarterContent/Particles/P_Fire.uasset" 724
"../../../../SacredBlade/SacredBlade/Content/StarterContent/Blueprints/Blueprint_Effect_Fire.uasset" 725
"../../../../SacredBlade/SacredBlade/Content/StarterContent/Audio/Smoke01_Cue.uasset" 726
"../../../../SacredBlade/SacredBlade/Content/StarterContent/Particles/P_Smoke.uasset" 727
"../../../../SacredBlade/SacredBlade/Content/StarterContent/Blueprints/Blueprint_Effect_Smoke.uasset" 728
"../../../../SacredBlade/SacredBlade/Content/StarterContent/Audio/Fire_Sparks01_Cue.uasset" 729
"../../../../SacredBlade/SacredBlade/Content/StarterContent/Textures/T_Spark_Core.uasset" 730
"../../../../SacredBlade/SacredBlade/Content/StarterContent/Particles/Materials/M_Spark.uasset" 731
"../../../../SacredBlade/SacredBlade/Content/StarterContent/Particles/P_Sparks.uasset" 732
"../../../../SacredBlade/SacredBlade/Content/StarterContent/Blueprints/Blueprint_Effect_Sparks.uasset" 733
"../../../../SacredBlade/SacredBlade/Content/StarterContent/Audio/Steam01_Cue.uasset" 734
"../../../../SacredBlade/SacredBlade/Content/StarterContent/Particles/P_Steam_Lit.uasset" 735
"../../../../SacredBlade/SacredBlade/Content/StarterContent/Blueprints/Blueprint_Effect_Steam.uasset" 736
"../../../../SacredBlade/SacredBlade/Content/StarterContent/Textures/T_Lamp_M.uasset" 737
"../../../../SacredBlade/SacredBlade/Content/StarterContent/Textures/T_Lamp_N.uasset" 738
"../../../../SacredBlade/SacredBlade/Content/StarterContent/Props/Materials/M_Lamp.uasset" 739
"../../../../SacredBlade/SacredBlade/Content/StarterContent/Props/SM_Lamp_Ceiling.uasset" 740
"../../../../SacredBlade/SacredBlade/Content/StarterContent/Blueprints/Blueprint_CeilingLight.uasset" 741
"../../../../SacredBlade/SacredBlade/Content/StarterContent/Props/SM_Lamp_Wall.uasset" 742
"../../../../SacredBlade/SacredBlade/Content/StarterContent/Blueprints/Blueprint_WallSconce.uasset" 743
"../../../../SacredBlade/SacredBlade/Content/StarterContent/Maps/StarterMap_BuiltData.uasset" 744
"../../../Engine/Content/Functions/Engine_MaterialFunctions03/Procedurals/ComputeFilterWidth.uasset" 745
"../../../Engine/Content/EngineMaterials/AntiAliasedTextMaterialTranslucent.uasset" 746
"../../../../SacredBlade/SacredBlade/Content/StarterContent/Textures/T_Brick_Clay_Beveled_D.uasset" 747
"../../../../SacredBlade/SacredBlade/Content/StarterContent/Textures/T_Brick_Clay_Beveled_M.uasset" 748
"../../../../SacredBlade/SacredBlade/Content/StarterContent/Textures/T_Brick_Clay_Beveled_N.uasset" 749
"../../../../SacredBlade/SacredBlade/Content/StarterContent/Materials/M_Brick_Clay_Beveled.uasset" 750
"../../../../SacredBlade/SacredBlade/Content/StarterContent/Textures/T_Brick_Clay_New_D.uasset" 751
"../../../../SacredBlade/SacredBlade/Content/StarterContent/Textures/T_Brick_Clay_New_M.uasset" 752
"../../../../SacredBlade/SacredBlade/Content/StarterContent/Textures/T_Brick_Clay_New_N.uasset" 753
"../../../../SacredBlade/SacredBlade/Content/StarterContent/Materials/M_Brick_Clay_New.uasset" 754
"../../../../SacredBlade/SacredBlade/Content/StarterContent/Textures/T_Brick_Clay_Old_D.uasset" 755
"../../../../SacredBlade/SacredBlade/Content/StarterContent/Textures/T_Brick_Clay_Old_N.uasset" 756
"../../../../SacredBlade/SacredBlade/Content/StarterContent/Textures/T_Perlin_Noise_M.uasset" 757
"../../../../SacredBlade/SacredBlade/Content/StarterContent/Materials/M_Brick_Clay_Old.uasset" 758
"../../../../SacredBlade/SacredBlade/Content/StarterContent/Textures/T_Brick_Cut_Stone_D.uasset" 759
"../../../../SacredBlade/SacredBlade/Content/StarterContent/Textures/T_Brick_Cut_Stone_N.uasset" 760
"../../../../SacredBlade/SacredBlade/Content/StarterContent/Materials/M_Brick_Cut_Stone.uasset" 761
"../../../../SacredBlade/SacredBlade/Content/StarterContent/Textures/T_Brick_Hewn_Stone_D.uasset" 762
"../../../../SacredBlade/SacredBlade/Content/StarterContent/Textures/T_Brick_Hewn_Stone_M.uasset" 763
"../../../../SacredBlade/SacredBlade/Content/StarterContent/Textures/T_Brick_Hewn_Stone_N.uasset" 764
"../../../../SacredBlade/SacredBlade/Content/StarterContent/Materials/M_Brick_Hewn_Stone.uasset" 765
"../../../../SacredBlade/SacredBlade/Content/StarterContent/Textures/T_Ceramic_Tile_M.uasset" 766
"../../../../SacredBlade/SacredBlade/Content/StarterContent/Textures/T_Ceramic_Tile_N.uasset" 767
"../../../../SacredBlade/SacredBlade/Content/StarterContent/Textures/T_Rock_Marble_Polished_D.uasset" 768
"../../../../SacredBlade/SacredBlade/Content/StarterContent/Materials/M_Ceramic_Tile_Checker.uasset" 769
"../../../../SacredBlade/SacredBlade/Content/StarterContent/Textures/T_CobbleStone_Pebble_D.uasset" 770
"../../../../SacredBlade/SacredBlade/Content/StarterContent/Textures/T_CobbleStone_Pebble_M.uasset" 771
"../../../../SacredBlade/SacredBlade/Content/StarterContent/Textures/T_CobbleStone_Pebble_N.uasset" 772
"../../../../SacredBlade/SacredBlade/Content/StarterContent/Materials/M_CobbleStone_Pebble.uasset" 773
"../../../../SacredBlade/SacredBlade/Content/StarterContent/Textures/T_CobbleStone_Rough_D.uasset" 774
"../../../../SacredBlade/SacredBlade/Content/StarterContent/Textures/T_CobbleStone_Rough_N.uasset" 775
"../../../../SacredBlade/SacredBlade/Content/StarterContent/Textures/T_Gradinet_01.uasset" 776
"../../../../SacredBlade/SacredBlade/Content/StarterContent/Textures/T_Rock_Smooth_Granite_D.uasset" 777
"../../../../SacredBlade/SacredBlade/Content/StarterContent/Materials/M_CobbleStone_Rough.uasset" 778
"../../../../SacredBlade/SacredBlade/Content/StarterContent/Textures/T_CobbleStone_Smooth_D.uasset" 779
"../../../../SacredBlade/SacredBlade/Content/StarterContent/Textures/T_CobbleStone_Smooth_M.uasset" 780
"../../../../SacredBlade/SacredBlade/Content/StarterContent/Textures/T_CobbleStone_Smooth_N.uasset" 781
"../../../../SacredBlade/SacredBlade/Content/StarterContent/Materials/M_CobbleStone_Smooth.uasset" 782
"../../../../SacredBlade/SacredBlade/Content/StarterContent/Textures/T_Concrete_Grime_D.uasset" 783
"../../../../SacredBlade/SacredBlade/Content/StarterContent/Textures/T_Metal_Rust_N.uasset" 784
"../../../../SacredBlade/SacredBlade/Content/StarterContent/Materials/M_Concrete_Grime.uasset" 785
"../../../../SacredBlade/SacredBlade/Content/StarterContent/Textures/T_Concrete_Panels_D.uasset" 786
"../../../../SacredBlade/SacredBlade/Content/StarterContent/Textures/T_Concrete_Panels_N.uasset" 787
"../../../../SacredBlade/SacredBlade/Content/StarterContent/Materials/M_Concrete_Panels.uasset" 788
"../../../../SacredBlade/SacredBlade/Content/StarterContent/Textures/T_Concrete_Poured_D.uasset" 789
"../../../../SacredBlade/SacredBlade/Content/StarterContent/Textures/T_Concrete_Poured_N.uasset" 790
"../../../../SacredBlade/SacredBlade/Content/StarterContent/Materials/M_Concrete_Poured.uasset" 791
"../../../../SacredBlade/SacredBlade/Content/StarterContent/Textures/T_Concrete_Tiles_D.uasset" 792
"../../../../SacredBlade/SacredBlade/Content/StarterContent/Textures/T_Concrete_Tiles_M.uasset" 793
"../../../../SacredBlade/SacredBlade/Content/StarterContent/Textures/T_Concrete_Tiles_N.uasset" 794
"../../../../SacredBlade/SacredBlade/Content/StarterContent/Textures/T_Concrete_Tiles_Variation_M.uasset" 795
"../../../../SacredBlade/SacredBlade/Content/StarterContent/Materials/M_Concrete_Tiles.uasset" 796
"../../../../SacredBlade/SacredBlade/Content/StarterContent/Textures/T_Ground_Grass_D.uasset" 797
"../../../../SacredBlade/SacredBlade/Content/StarterContent/Textures/T_Ground_Grass_N.uasset" 798
"../../../../SacredBlade/SacredBlade/Content/StarterContent/Materials/M_Ground_Grass.uasset" 799
"../../../../SacredBlade/SacredBlade/Content/StarterContent/Textures/T_Ground_Gravel_D.uasset" 800
"../../../../SacredBlade/SacredBlade/Content/StarterContent/Textures/T_Ground_Gravel_N.uasset" 801
"../../../../SacredBlade/SacredBlade/Content/StarterContent/Materials/M_Ground_Gravel.uasset" 802
"../../../../SacredBlade/SacredBlade/Content/StarterContent/Textures/T_ground_Moss_D.uasset" 803
"../../../../SacredBlade/SacredBlade/Content/StarterContent/Textures/T_Ground_Moss_N.uasset" 804
"../../../../SacredBlade/SacredBlade/Content/StarterContent/Materials/M_Ground_Moss.uasset" 805
"../../../../SacredBlade/SacredBlade/Content/StarterContent/Materials/M_Metal_Chrome.uasset" 806
"../../../../SacredBlade/SacredBlade/Content/StarterContent/Textures/T_Metal_Gold_D.uasset" 807
"../../../../SacredBlade/SacredBlade/Content/StarterContent/Materials/M_Metal_Gold.uasset" 808
"../../../../SacredBlade/SacredBlade/Content/StarterContent/Textures/T_Metal_Rust_D.uasset" 809
"../../../../SacredBlade/SacredBlade/Content/StarterContent/Materials/M_Metal_Rust.uasset" 810
"../../../../SacredBlade/SacredBlade/Content/StarterContent/Textures/T_Metal_Steel_D.uasset" 811
"../../../../SacredBlade/SacredBlade/Content/StarterContent/Textures/T_Metal_Steel_N.uasset" 812
"../../../../SacredBlade/SacredBlade/Content/StarterContent/Materials/M_Metal_Steel.uasset" 813
"../../../../SacredBlade/SacredBlade/Content/StarterContent/Textures/T_Rock_Basalt_N.uasset" 814
"../../../../SacredBlade/SacredBlade/Content/StarterContent/Materials/M_Rock_Basalt.uasset" 815
"../../../../SacredBlade/SacredBlade/Content/StarterContent/Materials/M_Rock_Marble_Polished.uasset" 816
"../../../../SacredBlade/SacredBlade/Content/StarterContent/Textures/T_Rock_Sandstone_D.uasset" 817
"../../../../SacredBlade/SacredBlade/Content/StarterContent/Textures/T_Rock_Sandstone_N.uasset" 818
"../../../../SacredBlade/SacredBlade/Content/StarterContent/Materials/M_Rock_Sandstone.uasset" 819
"../../../../SacredBlade/SacredBlade/Content/StarterContent/Textures/T_Rock_Slate_D.uasset" 820
"../../../../SacredBlade/SacredBlade/Content/StarterContent/Textures/T_Rock_Slate_N.uasset" 821
"../../../../SacredBlade/SacredBlade/Content/StarterContent/Materials/M_Rock_Slate.uasset" 822
"../../../../SacredBlade/SacredBlade/Content/StarterContent/Textures/T_Checker_Noise_M.uasset" 823
"../../../../SacredBlade/SacredBlade/Content/StarterContent/Textures/T_Single_Tile_N.uasset" 824
"../../../../SacredBlade/SacredBlade/Content/StarterContent/Textures/T_Tech_Dot_M.uasset" 825
"../../../../SacredBlade/SacredBlade/Content/StarterContent/Textures/T_Tech_Dot_N.uasset" 826
"../../../../SacredBlade/SacredBlade/Content/StarterContent/Materials/M_Tech_Checker_Dot.uasset" 827
"../../../../SacredBlade/SacredBlade/Content/StarterContent/Textures/T_Tech_Hex_Tile_M.uasset" 828
"../../../../SacredBlade/SacredBlade/Content/StarterContent/Textures/T_Tech_Hex_Tile_N.uasset" 829
"../../../../SacredBlade/SacredBlade/Content/StarterContent/Materials/M_Tech_Hex_Tile.uasset" 830
"../../../../SacredBlade/SacredBlade/Content/StarterContent/Materials/M_Tech_Hex_Tile_Pulse.uasset" 831
"../../../../SacredBlade/SacredBlade/Content/StarterContent/Textures/T_Tech_Panel_M.uasset" 832
"../../../../SacredBlade/SacredBlade/Content/StarterContent/Textures/T_Tech_Panel_N.uasset" 833
"../../../../SacredBlade/SacredBlade/Content/StarterContent/Materials/M_Tech_Panel.uasset" 834
"../../../../SacredBlade/SacredBlade/Content/StarterContent/Materials/M_Water_Lake.uasset" 835
"../../../../SacredBlade/SacredBlade/Content/StarterContent/Textures/T_Water_M.uasset" 836
"../../../../SacredBlade/SacredBlade/Content/StarterContent/Materials/M_Water_Ocean.uasset" 837
"../../../../SacredBlade/SacredBlade/Content/StarterContent/Textures/T_Wood_Floor_Walnut_D.uasset" 838
"../../../../SacredBlade/SacredBlade/Content/StarterContent/Textures/T_Wood_Floor_Walnut_M.uasset" 839
"../../../../SacredBlade/SacredBlade/Content/StarterContent/Textures/T_Wood_Floor_Walnut_N.uasset" 840
"../../../../SacredBlade/SacredBlade/Content/StarterContent/Materials/M_Wood_Floor_Walnut_Polished.uasset" 841
"../../../Engine/Content/Functions/Engine_MaterialFunctions01/Opacity/AlphaOffset.uasset" 842
"../../../../SacredBlade/SacredBlade/Content/StarterContent/Materials/M_Wood_Floor_Walnut_Worn.uasset" 843
"../../../../SacredBlade/SacredBlade/Content/StarterContent/Textures/T_Wood_Oak_D.uasset" 844
"../../../../SacredBlade/SacredBlade/Content/StarterContent/Textures/T_Wood_Oak_N.uasset" 845
"../../../../SacredBlade/SacredBlade/Content/StarterContent/Materials/M_Wood_Oak.uasset" 846
"../../../../SacredBlade/SacredBlade/Content/StarterContent/Textures/T_Wood_Pine_D.uasset" 847
"../../../../SacredBlade/SacredBlade/Content/StarterContent/Textures/T_Wood_Pine_N.uasset" 848
"../../../../SacredBlade/SacredBlade/Content/StarterContent/Materials/M_Wood_Pine.uasset" 849
"../../../../SacredBlade/SacredBlade/Content/StarterContent/Textures/T_Wood_Walnut_D.uasset" 850
"../../../../SacredBlade/SacredBlade/Content/StarterContent/Textures/T_Wood_Walnut_N.uasset" 851
"../../../../SacredBlade/SacredBlade/Content/StarterContent/Materials/M_Wood_Walnut.uasset" 852
"../../../../SacredBlade/SacredBlade/Content/StarterContent/Architecture/Wall_400x200.uasset" 853
"../../../../SacredBlade/SacredBlade/Content/StarterContent/Architecture/Wall_Door_400x300.uasset" 854
"../../../../SacredBlade/SacredBlade/Content/StarterContent/Architecture/Wall_Window_400x300.uasset" 855
"../../../../SacredBlade/SacredBlade/Content/StarterContent/Audio/Collapse_Cue.uasset" 856
"../../../../SacredBlade/SacredBlade/Content/StarterContent/Audio/Starter_Music_Cue.uasset" 857
"../../../../SacredBlade/SacredBlade/Content/StarterContent/Textures/T_Dust_Particle_D.uasset" 858
"../../../../SacredBlade/SacredBlade/Content/StarterContent/Particles/Materials/M_Dust_Particle.uasset" 859
"../../../../SacredBlade/SacredBlade/Content/StarterContent/Particles/P_Ambient_Dust.uasset" 860
"../../../../SacredBlade/SacredBlade/Content/StarterContent/Props/MaterialSphere.uasset" 861
"../../../../SacredBlade/SacredBlade/Content/StarterContent/Textures/T_Frame_M.uasset" 862
"../../../../SacredBlade/SacredBlade/Content/StarterContent/Textures/T_Frame_N.uasset" 863
"../../../../SacredBlade/SacredBlade/Content/StarterContent/Props/Materials/M_Frame.uasset" 864
"../../../../SacredBlade/SacredBlade/Content/StarterContent/Props/SM_CornerFrame.uasset" 865
"../../../../SacredBlade/SacredBlade/Content/StarterContent/Props/SM_DoorFrame.uasset" 866
"../../../../SacredBlade/SacredBlade/Content/StarterContent/Props/SM_GlassWindow.uasset" 867
"../../../../SacredBlade/SacredBlade/Content/StarterContent/Props/SM_PillarFrame.uasset" 868
"../../../../SacredBlade/SacredBlade/Content/StarterContent/Props/SM_PillarFrame300.uasset" 869
"../../../../SacredBlade/SacredBlade/Content/StarterContent/Props/SM_WindowFrame.uasset" 870
"../../../../SacredBlade/SacredBlade/Content/StarterContent/Shapes/Shape_Cube.uasset" 871
"../../../../SacredBlade/SacredBlade/Content/StarterContent/Shapes/Shape_QuadPyramid.uasset" 872
"../../../../SacredBlade/SacredBlade/Content/StarterContent/Shapes/Shape_Sphere.uasset" 873
"../../../../SacredBlade/SacredBlade/Content/StarterContent/Maps/StarterMap.umap" 874
"../../../Engine/Content/Maps/Entry_BuiltData.uasset" 875
"../../../Engine/Content/Maps/Entry.umap" 876
