Log file open, 08/21/19 14:09:23
LogWindows: Failed to load 'aqProf.dll' (GetLastError=126)
LogWindows: File 'aqProf.dll' does not exist
LogWindows: Failed to load 'VtuneApi.dll' (GetLastError=126)
LogWindows: File 'VtuneApi.dll' does not exist
LogWindows: Failed to load 'VtuneApi32e.dll' (GetLastError=126)
LogWindows: File 'VtuneApi32e.dll' does not exist
LogConsoleResponse: Display: Failed to find resolution value strings in scalability ini. Falling back to default.
LogInit: Display: Running engine for game: SacredBlade
LogPakFile: Registered encryption key '00000000000000000000000000000000': 0 pak files mounted, 0 remain pending
LogPlatformFile: Not using cached read wrapper
LogTaskGraph: Started task graph with 5 named threads and 35 total threads with 3 sets of task threads.
LogStats: Stats thread started at 0.409959
LogD3D11RHI: Loaded GFSDK_Aftermath_Lib.x64.dll
LogICUInternationalization: ICU TimeZone Detection - Raw Offset: -5:00, Platform Override: ''
LogPluginManager: Mounting plugin Paper2D
LogPluginManager: Mounting plugin AISupport
LogPluginManager: Mounting plugin LightPropagationVolume
LogPluginManager: Mounting plugin ActorLayerUtilities
LogPluginManager: Mounting plugin AnimationSharing
LogPluginManager: Mounting plugin CLionSourceCodeAccess
LogPluginManager: Mounting plugin CodeLiteSourceCodeAccess
LogPluginManager: Mounting plugin GitSourceControl
LogPluginManager: Mounting plugin KDevelopSourceCodeAccess
LogPluginManager: Mounting plugin NullSourceCodeAccess
LogPluginManager: Mounting plugin PerforceSourceControl
LogPluginManager: Mounting plugin SubversionSourceControl
LogPluginManager: Mounting plugin UObjectPlugin
LogPluginManager: Mounting plugin VisualStudioCodeSourceCodeAccess
LogPluginManager: Mounting plugin VisualStudioSourceCodeAccess
LogPluginManager: Mounting plugin XCodeSourceCodeAccess
LogPluginManager: Mounting plugin AssetManagerEditor
LogPluginManager: Mounting plugin CryptoKeys
LogPluginManager: Mounting plugin DataValidation
LogPluginManager: Mounting plugin FacialAnimation
LogPluginManager: Mounting plugin GameplayTagsEditor
LogPluginManager: Mounting plugin MacGraphicsSwitching
LogPluginManager: Mounting plugin MaterialAnalyzer
LogPluginManager: Mounting plugin MobileLauncherProfileWizard
LogPluginManager: Mounting plugin PluginBrowser
LogPluginManager: Mounting plugin SpeedTreeImporter
LogPluginManager: Mounting plugin DatasmithContent
LogPluginManager: Mounting plugin VariantManagerContent
LogPluginManager: Mounting plugin AlembicImporter
LogPluginManager: Mounting plugin AppleImageUtils
LogPluginManager: Mounting plugin AppleVision
LogPluginManager: Mounting plugin BackChannel
LogPluginManager: Mounting plugin CharacterAI
LogPluginManager: Mounting plugin GeometryCache
LogPluginManager: Mounting plugin HTML5Networking
LogPluginManager: Mounting plugin ProxyLODPlugin
LogPluginManager: Mounting plugin SkeletalReduction
LogPluginManager: Mounting plugin MagicLeap
LogPluginManager: Mounting plugin MagicLeapMedia
LogPluginManager: Mounting plugin AndroidMedia
LogPluginManager: Mounting plugin AvfMedia
LogPluginManager: Mounting plugin ImgMedia
LogPluginManager: Mounting plugin LinearTimecode
LogPluginManager: Mounting plugin MediaCompositing
LogPluginManager: Mounting plugin MediaPlayerEditor
LogPluginManager: Mounting plugin WebMMedia
LogPluginManager: Mounting plugin WmfMedia
LogPluginManager: Mounting plugin TcpMessaging
LogPluginManager: Mounting plugin UdpMessaging
LogPluginManager: Mounting plugin ActorSequence
LogPluginManager: Mounting plugin LevelSequenceEditor
LogPluginManager: Mounting plugin MatineeToLevelSequence
LogPluginManager: Mounting plugin NetcodeUnitTest
LogPluginManager: Mounting plugin NUTUnrealEngine4
LogPluginManager: Mounting plugin OnlineSubsystemGooglePlay
LogPluginManager: Mounting plugin OnlineSubsystemIOS
LogPluginManager: Mounting plugin OnlineSubsystem
LogPluginManager: Mounting plugin OnlineSubsystemNull
LogPluginManager: Mounting plugin OnlineSubsystemUtils
LogPluginManager: Mounting plugin LauncherChunkInstaller
LogPluginManager: Mounting plugin AndroidDeviceProfileSelector
LogPluginManager: Mounting plugin AndroidMoviePlayer
LogPluginManager: Mounting plugin AndroidPermission
LogPluginManager: Mounting plugin ApexDestruction
LogPluginManager: Mounting plugin AppleMoviePlayer
LogPluginManager: Mounting plugin ArchVisCharacter
LogPluginManager: Mounting plugin AudioCapture
LogPluginManager: Mounting plugin CableComponent
LogPluginManager: Mounting plugin CustomMeshComponent
LogPluginManager: Mounting plugin EditableMesh
LogPluginManager: Mounting plugin ExampleDeviceProfileSelector
LogPluginManager: Mounting plugin Firebase
LogPluginManager: Mounting plugin GoogleCloudMessaging
LogPluginManager: Mounting plugin IOSDeviceProfileSelector
LogPluginManager: Mounting plugin LinuxDeviceProfileSelector
LogPluginManager: Mounting plugin LocationServicesBPLibrary
LogPluginManager: Mounting plugin MobilePatchingUtils
LogPluginManager: Mounting plugin OculusVR
LogPluginManager: Mounting plugin PhysXVehicles
LogPluginManager: Mounting plugin ProceduralMeshComponent
LogPluginManager: Mounting plugin RuntimePhysXCooking
LogPluginManager: Mounting plugin SignificanceManager
LogPluginManager: Mounting plugin SteamVR
LogPluginManager: Mounting plugin WebMMoviePlayer
LogPluginManager: Mounting plugin WindowsMoviePlayer
LogInit: Using libcurl 7.55.1-DEV
LogInit:  - built for x86_64-pc-win32
LogInit:  - supports SSL with OpenSSL/1.1.1
LogInit:  - supports HTTP deflate (compression) using libz 1.2.8
LogInit:  - other features:
LogInit:      CURL_VERSION_SSL
LogInit:      CURL_VERSION_LIBZ
LogInit:      CURL_VERSION_IPV6
LogInit:      CURL_VERSION_ASYNCHDNS
LogInit:      CURL_VERSION_LARGEFILE
LogInit:      CURL_VERSION_IDN
LogInit:  CurlRequestOptions (configurable via config and command line):
LogInit:  - bVerifyPeer = true  - Libcurl will verify peer certificate
LogInit:  - bUseHttpProxy = false  - Libcurl will NOT use HTTP proxy
LogInit:  - bDontReuseConnections = false  - Libcurl will reuse connections
LogInit:  - MaxHostConnections = 16  - Libcurl will limit the number of connections to a host
LogInit:  - LocalHostAddr = Default
LogInit:  - BufferSize = 65536
LogInit: WinSock: version 1.1 (2.2), MaxSocks=32767, MaxUdp=65467
LogInit: Build: ++UE4+Release-4.22-CL-7053642
LogInit: Engine Version: 4.22.3-7053642+++UE4+Release-4.22
LogInit: Compatible Engine Version: 4.22.0-5660361+++UE4+Release-4.22
LogInit: Net CL: 5660361
LogInit: OS: Windows 10 (Release 1803) (), CPU: Intel(R) Core(TM) i7-8750H CPU @ 2.20GHz, GPU: Intel(R) UHD Graphics 630
LogInit: Compiled (64-bit): Jun 18 2019 03:09:11
LogInit: Compiled with Visual C++: 19.16.27025.01
LogInit: Build Configuration: Development
LogInit: Branch Name: ++UE4+Release-4.22
LogInit: Command Line: 
LogInit: Base Directory: C:/Program Files/Epic Games/UE_4.22/Engine/Binaries/Win64/
LogInit: Installed Engine Build: 1
LogDevObjectVersion: Number of dev versions registered: 23
LogDevObjectVersion:   Dev-Blueprints (B0D832E4-1F89-4F0D-ACCF-7EB736FD4AA2): 10
LogDevObjectVersion:   Dev-Build (E1C64328-A22C-4D53-A36C-8E866417BD8C): 0
LogDevObjectVersion:   Dev-Core (375EC13C-06E4-48FB-B500-84F0262A717E): 3
LogDevObjectVersion:   Dev-Editor (E4B068ED-F494-42E9-A231-DA0B2E46BB41): 30
LogDevObjectVersion:   Dev-Framework (CFFC743F-43B0-4480-9391-14DF171D2073): 35
LogDevObjectVersion:   Dev-Mobile (B02B49B5-BB20-44E9-A304-32B752E40360): 2
LogDevObjectVersion:   Dev-Networking (A4E4105C-59A1-49B5-A7C5-40C4547EDFEE): 0
LogDevObjectVersion:   Dev-Online (39C831C9-5AE6-47DC-9A44-9C173E1C8E7C): 0
LogDevObjectVersion:   Dev-Physics (78F01B33-EBEA-4F98-B9B4-84EACCB95AA2): 0
LogDevObjectVersion:   Dev-Platform (6631380F-2D4D-43E0-8009-CF276956A95A): 0
LogDevObjectVersion:   Dev-Rendering (12F88B9F-8875-4AFC-A67C-D90C383ABD29): 28
LogDevObjectVersion:   Dev-Sequencer (7B5AE74C-D270-4C10-A958-57980B212A5A): 11
LogDevObjectVersion:   Dev-VR (D7296918-1DD6-4BDD-9DE2-64A83CC13884): 2
LogDevObjectVersion:   Dev-LoadTimes (C2A15278-BFE7-4AFE-6C17-90FF531DF755): 1
LogDevObjectVersion:   Private-Geometry (6EACA3D4-40EC-4CC1-B786-8BED09428FC5): 3
LogDevObjectVersion:   Dev-AnimPhys (29E575DD-E0A3-4627-9D10-D276232CDCEA): 17
LogDevObjectVersion:   Dev-Anim (AF43A65D-7FD3-4947-9873-3E8ED9C1BB05): 2
LogDevObjectVersion:   Dev-ReflectionCapture (6B266CEC-1EC7-4B8F-A30B-E4D90942FC07): 1
LogDevObjectVersion:   Dev-Automation (0DF73D61-A23F-47EA-B727-89E90C41499A): 1
LogDevObjectVersion:   FortniteMain (601D1886-AC64-4F84-AA16-D3DE0DEAC7D6): 25
LogDevObjectVersion:   Dev-Enterprise (9DFFBCD6-494F-0158-E221-12823C92A888): 6
LogDevObjectVersion:   Dev-Niagara (F2AED0AC-9AFE-416F-8664-AA7FFA26D6FC): 1
LogDevObjectVersion:   Dev-Destruction (174F1F0B-B4C6-45A5-B13F-2EE8D0FB917D): 2
LogInit: Presizing for max 16777216 objects, including 0 objects not considered by GC, pre-allocating 0 bytes for permanent pool.
LogInit: Object subsystem initialized
LogConfig: Setting CVar [[con.DebugEarlyDefault:1]]
LogConfig: Setting CVar [[r.setres:1280x720]]
[2019.08.21-18.09.24:219][  0]LogConfig: Setting CVar [[r.VSync:0]]
[2019.08.21-18.09.24:219][  0]LogConfig: Setting CVar [[r.RHICmdBypass:0]]
[2019.08.21-18.09.24:219][  0]LogConfig: Applying CVar settings from Section [/Script/Engine.RendererSettings] File [C:/Users/KEOrlando/Documents/GitHub/Sacred-Blade/Saved/Config/Windows/Engine.ini]
[2019.08.21-18.09.24:219][  0]LogConfig: Setting CVar [[r.GPUCrashDebugging:0]]
[2019.08.21-18.09.24:219][  0]LogConfig: Applying CVar settings from Section [/Script/Engine.RendererOverrideSettings] File [C:/Users/KEOrlando/Documents/GitHub/Sacred-Blade/Saved/Config/Windows/Engine.ini]
[2019.08.21-18.09.24:219][  0]LogConfig: Applying CVar settings from Section [/Script/Engine.StreamingSettings] File [C:/Users/KEOrlando/Documents/GitHub/Sacred-Blade/Saved/Config/Windows/Engine.ini]
[2019.08.21-18.09.24:220][  0]LogConfig: Setting CVar [[s.MinBulkDataSizeForAsyncLoading:131072]]
[2019.08.21-18.09.24:220][  0]LogConfig: Setting CVar [[s.AsyncLoadingThreadEnabled:0]]
[2019.08.21-18.09.24:220][  0]LogConfig: Setting CVar [[s.EventDrivenLoaderEnabled:1]]
[2019.08.21-18.09.24:220][  0]LogConfig: Setting CVar [[s.WarnIfTimeLimitExceeded:0]]
[2019.08.21-18.09.24:220][  0]LogConfig: Setting CVar [[s.TimeLimitExceededMultiplier:1.5]]
[2019.08.21-18.09.24:220][  0]LogConfig: Setting CVar [[s.TimeLimitExceededMinTime:0.005]]
[2019.08.21-18.09.24:220][  0]LogConfig: Setting CVar [[s.UseBackgroundLevelStreaming:1]]
[2019.08.21-18.09.24:220][  0]LogConfig: Setting CVar [[s.PriorityAsyncLoadingExtraTime:15.0]]
[2019.08.21-18.09.24:220][  0]LogConfig: Setting CVar [[s.LevelStreamingActorsUpdateTimeLimit:5.0]]
[2019.08.21-18.09.24:220][  0]LogConfig: Setting CVar [[s.PriorityLevelStreamingActorsUpdateExtraTime:5.0]]
[2019.08.21-18.09.24:220][  0]LogConfig: Setting CVar [[s.LevelStreamingComponentsRegistrationGranularity:10]]
[2019.08.21-18.09.24:220][  0]LogConfig: Setting CVar [[s.UnregisterComponentsTimeLimit:1.0]]
[2019.08.21-18.09.24:220][  0]LogConfig: Setting CVar [[s.LevelStreamingComponentsUnregistrationGranularity:5]]
[2019.08.21-18.09.24:220][  0]LogConfig: Applying CVar settings from Section [/Script/Engine.GarbageCollectionSettings] File [C:/Users/KEOrlando/Documents/GitHub/Sacred-Blade/Saved/Config/Windows/Engine.ini]
[2019.08.21-18.09.24:220][  0]LogConfig: Setting CVar [[gc.MaxObjectsNotConsideredByGC:1]]
[2019.08.21-18.09.24:220][  0]LogConfig: Setting CVar [[gc.SizeOfPermanentObjectPool:0]]
[2019.08.21-18.09.24:220][  0]LogConfig: Setting CVar [[gc.FlushStreamingOnGC:0]]
[2019.08.21-18.09.24:220][  0]LogConfig: Setting CVar [[gc.NumRetriesBeforeForcingGC:10]]
[2019.08.21-18.09.24:220][  0]LogConfig: Setting CVar [[gc.AllowParallelGC:1]]
[2019.08.21-18.09.24:220][  0]LogConfig: Setting CVar [[gc.TimeBetweenPurgingPendingKillObjects:61.1]]
[2019.08.21-18.09.24:220][  0]LogConfig: Setting CVar [[gc.MaxObjectsInEditor:16777216]]
[2019.08.21-18.09.24:220][  0]LogConfig: Setting CVar [[gc.IncrementalBeginDestroyEnabled:1]]
[2019.08.21-18.09.24:220][  0]LogConfig: Setting CVar [[gc.CreateGCClusters:1]]
[2019.08.21-18.09.24:220][  0]LogConfig: Setting CVar [[gc.MinGCClusterSize:5]]
[2019.08.21-18.09.24:220][  0]LogConfig: Setting CVar [[gc.ActorClusteringEnabled:0]]
[2019.08.21-18.09.24:220][  0]LogConfig: Setting CVar [[gc.BlueprintClusteringEnabled:0]]
[2019.08.21-18.09.24:220][  0]LogConfig: Setting CVar [[gc.UseDisregardForGCOnDedicatedServers:0]]
[2019.08.21-18.09.24:220][  0]LogConfig: Applying CVar settings from Section [/Script/Engine.NetworkSettings] File [C:/Users/KEOrlando/Documents/GitHub/Sacred-Blade/Saved/Config/Windows/Engine.ini]
[2019.08.21-18.09.24:220][  0]LogConfig: Applying CVar settings from Section [/Script/UnrealEd.CookerSettings] File [C:/Users/KEOrlando/Documents/GitHub/Sacred-Blade/Saved/Config/Windows/Engine.ini]
[2019.08.21-18.09.24:226][  0]LogConfig: Applying CVar settings from Section [ViewDistanceQuality@3] File [C:/Users/KEOrlando/Documents/GitHub/Sacred-Blade/Saved/Config/Windows/Scalability.ini]
[2019.08.21-18.09.24:226][  0]LogConfig: Setting CVar [[r.SkeletalMeshLODBias:0]]
[2019.08.21-18.09.24:226][  0]LogConfig: Setting CVar [[r.ViewDistanceScale:1.0]]
[2019.08.21-18.09.24:226][  0]LogConfig: Applying CVar settings from Section [AntiAliasingQuality@3] File [C:/Users/KEOrlando/Documents/GitHub/Sacred-Blade/Saved/Config/Windows/Scalability.ini]
[2019.08.21-18.09.24:226][  0]LogConfig: Setting CVar [[r.PostProcessAAQuality:4]]
[2019.08.21-18.09.24:226][  0]LogConfig: Applying CVar settings from Section [ShadowQuality@3] File [C:/Users/KEOrlando/Documents/GitHub/Sacred-Blade/Saved/Config/Windows/Scalability.ini]
[2019.08.21-18.09.24:226][  0]LogConfig: Setting CVar [[r.LightFunctionQuality:1]]
[2019.08.21-18.09.24:226][  0]LogConfig: Setting CVar [[r.ShadowQuality:5]]
[2019.08.21-18.09.24:226][  0]LogConfig: Setting CVar [[r.Shadow.CSM.MaxCascades:10]]
[2019.08.21-18.09.24:226][  0]LogConfig: Setting CVar [[r.Shadow.MaxResolution:2048]]
[2019.08.21-18.09.24:226][  0]LogConfig: Setting CVar [[r.Shadow.MaxCSMResolution:2048]]
[2019.08.21-18.09.24:226][  0]LogConfig: Setting CVar [[r.Shadow.RadiusThreshold:0.01]]
[2019.08.21-18.09.24:226][  0]LogConfig: Setting CVar [[r.Shadow.DistanceScale:1.0]]
[2019.08.21-18.09.24:226][  0]LogConfig: Setting CVar [[r.Shadow.CSM.TransitionScale:1.0]]
[2019.08.21-18.09.24:226][  0]LogConfig: Setting CVar [[r.Shadow.PreShadowResolutionFactor:1.0]]
[2019.08.21-18.09.24:226][  0]LogConfig: Setting CVar [[r.DistanceFieldShadowing:1]]
[2019.08.21-18.09.24:226][  0]LogConfig: Setting CVar [[r.DistanceFieldAO:1]]
[2019.08.21-18.09.24:226][  0]LogConfig: Setting CVar [[r.AOQuality:2]]
[2019.08.21-18.09.24:226][  0]LogConfig: Setting CVar [[r.VolumetricFog:1]]
[2019.08.21-18.09.24:226][  0]LogConfig: Setting CVar [[r.VolumetricFog.GridPixelSize:8]]
[2019.08.21-18.09.24:226][  0]LogConfig: Setting CVar [[r.VolumetricFog.GridSizeZ:128]]
[2019.08.21-18.09.24:226][  0]LogConfig: Setting CVar [[r.VolumetricFog.HistoryMissSupersampleCount:4]]
[2019.08.21-18.09.24:226][  0]LogConfig: Setting CVar [[r.LightMaxDrawDistanceScale:1]]
[2019.08.21-18.09.24:226][  0]LogConfig: Setting CVar [[r.CapsuleShadows:1]]
[2019.08.21-18.09.24:226][  0]LogConfig: Applying CVar settings from Section [PostProcessQuality@3] File [C:/Users/KEOrlando/Documents/GitHub/Sacred-Blade/Saved/Config/Windows/Scalability.ini]
[2019.08.21-18.09.24:226][  0]LogConfig: Setting CVar [[r.MotionBlurQuality:4]]
[2019.08.21-18.09.24:227][  0]LogConfig: Setting CVar [[r.AmbientOcclusionMipLevelFactor:0.4]]
[2019.08.21-18.09.24:227][  0]LogConfig: Setting CVar [[r.AmbientOcclusionMaxQuality:100]]
[2019.08.21-18.09.24:227][  0]LogConfig: Setting CVar [[r.AmbientOcclusionLevels:-1]]
[2019.08.21-18.09.24:227][  0]LogConfig: Setting CVar [[r.AmbientOcclusionRadiusScale:1.0]]
[2019.08.21-18.09.24:227][  0]LogConfig: Setting CVar [[r.DepthOfFieldQuality:2]]
[2019.08.21-18.09.24:227][  0]LogConfig: Setting CVar [[r.RenderTargetPoolMin:400]]
[2019.08.21-18.09.24:227][  0]LogConfig: Setting CVar [[r.LensFlareQuality:2]]
[2019.08.21-18.09.24:227][  0]LogConfig: Setting CVar [[r.SceneColorFringeQuality:1]]
[2019.08.21-18.09.24:227][  0]LogConfig: Setting CVar [[r.EyeAdaptationQuality:2]]
[2019.08.21-18.09.24:227][  0]LogConfig: Setting CVar [[r.BloomQuality:5]]
[2019.08.21-18.09.24:227][  0]LogConfig: Setting CVar [[r.FastBlurThreshold:100]]
[2019.08.21-18.09.24:227][  0]LogConfig: Setting CVar [[r.Upscale.Quality:3]]
[2019.08.21-18.09.24:227][  0]LogConfig: Setting CVar [[r.Tonemapper.GrainQuantization:1]]
[2019.08.21-18.09.24:227][  0]LogConfig: Setting CVar [[r.LightShaftQuality:1]]
[2019.08.21-18.09.24:227][  0]LogConfig: Setting CVar [[r.Filter.SizeScale:1]]
[2019.08.21-18.09.24:227][  0]LogConfig: Setting CVar [[r.Tonemapper.Quality:5]]
[2019.08.21-18.09.24:227][  0]LogConfig: Setting CVar [[r.DOF.Gather.AccumulatorQuality:1        ; higher gathering accumulator quality]]
[2019.08.21-18.09.24:227][  0]LogConfig: Setting CVar [[r.DOF.Gather.PostfilterMethod:1          ; Median3x3 postfilering method]]
[2019.08.21-18.09.24:227][  0]LogConfig: Setting CVar [[r.DOF.Gather.EnableBokehSettings:0       ; no bokeh simulation when gathering]]
[2019.08.21-18.09.24:227][  0]LogConfig: Setting CVar [[r.DOF.Gather.RingCount:4                 ; medium number of samples when gathering]]
[2019.08.21-18.09.24:227][  0]LogConfig: Setting CVar [[r.DOF.Scatter.ForegroundCompositing:1    ; additive foreground scattering]]
[2019.08.21-18.09.24:227][  0]LogConfig: Setting CVar [[r.DOF.Scatter.BackgroundCompositing:2    ; additive background scattering]]
[2019.08.21-18.09.24:227][  0]LogConfig: Setting CVar [[r.DOF.Scatter.EnableBokehSettings:1      ; bokeh simulation when scattering]]
[2019.08.21-18.09.24:227][  0]LogConfig: Setting CVar [[r.DOF.Scatter.MaxSpriteRatio:0.1         ; only a maximum of 10% of scattered bokeh]]
[2019.08.21-18.09.24:227][  0]LogConfig: Setting CVar [[r.DOF.Recombine.Quality:1                ; cheap slight out of focus]]
[2019.08.21-18.09.24:227][  0]LogConfig: Setting CVar [[r.DOF.Recombine.EnableBokehSettings:0    ; no bokeh simulation on slight out of focus]]
[2019.08.21-18.09.24:227][  0]LogConfig: Setting CVar [[r.DOF.TemporalAAQuality:1                ; more stable temporal accumulation]]
[2019.08.21-18.09.24:227][  0]LogConfig: Setting CVar [[r.DOF.Kernel.MaxForegroundRadius:0.025]]
[2019.08.21-18.09.24:227][  0]LogConfig: Setting CVar [[r.DOF.Kernel.MaxBackgroundRadius:0.025]]
[2019.08.21-18.09.24:227][  0]LogConfig: Applying CVar settings from Section [TextureQuality@3] File [C:/Users/KEOrlando/Documents/GitHub/Sacred-Blade/Saved/Config/Windows/Scalability.ini]
[2019.08.21-18.09.24:227][  0]LogConfig: Setting CVar [[r.Streaming.MipBias:0]]
[2019.08.21-18.09.24:228][  0]LogConfig: Setting CVar [[r.Streaming.AmortizeCPUToGPUCopy:0]]
[2019.08.21-18.09.24:228][  0]LogConfig: Setting CVar [[r.Streaming.MaxNumTexturesToStreamPerFrame:0]]
[2019.08.21-18.09.24:228][  0]LogConfig: Setting CVar [[r.Streaming.Boost:1]]
[2019.08.21-18.09.24:228][  0]LogConfig: Setting CVar [[r.MaxAnisotropy:8]]
[2019.08.21-18.09.24:228][  0]LogConfig: Setting CVar [[r.Streaming.LimitPoolSizeToVRAM:0]]
[2019.08.21-18.09.24:228][  0]LogConfig: Setting CVar [[r.Streaming.PoolSize:1000]]
[2019.08.21-18.09.24:228][  0]LogConfig: Setting CVar [[r.Streaming.MaxEffectiveScreenSize:0]]
[2019.08.21-18.09.24:228][  0]LogConfig: Applying CVar settings from Section [EffectsQuality@3] File [C:/Users/KEOrlando/Documents/GitHub/Sacred-Blade/Saved/Config/Windows/Scalability.ini]
[2019.08.21-18.09.24:228][  0]LogConfig: Setting CVar [[r.TranslucencyLightingVolumeDim:64]]
[2019.08.21-18.09.24:228][  0]LogConfig: Setting CVar [[r.RefractionQuality:2]]
[2019.08.21-18.09.24:228][  0]LogConfig: Setting CVar [[r.SSR.Quality:3]]
[2019.08.21-18.09.24:228][  0]LogConfig: Setting CVar [[r.SceneColorFormat:4]]
[2019.08.21-18.09.24:228][  0]LogConfig: Setting CVar [[r.DetailMode:2]]
[2019.08.21-18.09.24:228][  0]LogConfig: Setting CVar [[r.TranslucencyVolumeBlur:1]]
[2019.08.21-18.09.24:228][  0]LogConfig: Setting CVar [[r.MaterialQualityLevel:1 ; High quality]]
[2019.08.21-18.09.24:228][  0]LogConfig: Setting CVar [[r.SSS.Scale:1]]
[2019.08.21-18.09.24:228][  0]LogConfig: Setting CVar [[r.SSS.SampleSet:2]]
[2019.08.21-18.09.24:228][  0]LogConfig: Setting CVar [[r.SSS.Quality:1]]
[2019.08.21-18.09.24:228][  0]LogConfig: Setting CVar [[r.SSS.HalfRes:1]]
[2019.08.21-18.09.24:228][  0]LogConfig: Setting CVar [[r.EmitterSpawnRateScale:1.0]]
[2019.08.21-18.09.24:228][  0]LogConfig: Setting CVar [[r.ParticleLightQuality:2]]
[2019.08.21-18.09.24:229][  0]LogConfig: Applying CVar settings from Section [FoliageQuality@3] File [C:/Users/KEOrlando/Documents/GitHub/Sacred-Blade/Saved/Config/Windows/Scalability.ini]
[2019.08.21-18.09.24:229][  0]LogConfig: Setting CVar [[foliage.DensityScale:1.0]]
[2019.08.21-18.09.24:229][  0]LogConfig: Setting CVar [[grass.DensityScale:1.0]]
[2019.08.21-18.09.24:229][  0]LogInit: Selected Device Profile: [Windows]
[2019.08.21-18.09.24:229][  0]LogInit: Applying CVar settings loaded from the selected device profile: [Windows]
[2019.08.21-18.09.24:254][  0]LogHAL: Display: Platform has ~ 16 GB [16981991424 / 17179869184 / 16], which maps to Larger [LargestMinGB=32, LargerMinGB=12, DefaultMinGB=8, SmallerMinGB=6, SmallestMinGB=0)
[2019.08.21-18.09.24:255][  0]LogConfig: Setting CVar [[r.Vulkan.UseRealUBs:0		; Required until we fix HLR fall-out]]
[2019.08.21-18.09.24:255][  0]LogInit: Going up to parent DeviceProfile []
[2019.08.21-18.09.24:255][  0]LogConfig: Applying CVar settings from Section [ViewDistanceQuality@3] File [C:/Users/KEOrlando/Documents/GitHub/Sacred-Blade/Saved/Config/Windows/Scalability.ini]
[2019.08.21-18.09.24:255][  0]LogConfig: Setting CVar [[r.SkeletalMeshLODBias:0]]
[2019.08.21-18.09.24:255][  0]LogConfig: Setting CVar [[r.ViewDistanceScale:1.0]]
[2019.08.21-18.09.24:255][  0]LogConfig: Applying CVar settings from Section [AntiAliasingQuality@3] File [C:/Users/KEOrlando/Documents/GitHub/Sacred-Blade/Saved/Config/Windows/Scalability.ini]
[2019.08.21-18.09.24:255][  0]LogConfig: Setting CVar [[r.PostProcessAAQuality:4]]
[2019.08.21-18.09.24:255][  0]LogConfig: Applying CVar settings from Section [ShadowQuality@3] File [C:/Users/KEOrlando/Documents/GitHub/Sacred-Blade/Saved/Config/Windows/Scalability.ini]
[2019.08.21-18.09.24:255][  0]LogConfig: Setting CVar [[r.LightFunctionQuality:1]]
[2019.08.21-18.09.24:255][  0]LogConfig: Setting CVar [[r.ShadowQuality:5]]
[2019.08.21-18.09.24:255][  0]LogConfig: Setting CVar [[r.Shadow.CSM.MaxCascades:10]]
[2019.08.21-18.09.24:255][  0]LogConfig: Setting CVar [[r.Shadow.MaxResolution:2048]]
[2019.08.21-18.09.24:255][  0]LogConfig: Setting CVar [[r.Shadow.MaxCSMResolution:2048]]
[2019.08.21-18.09.24:255][  0]LogConfig: Setting CVar [[r.Shadow.RadiusThreshold:0.01]]
[2019.08.21-18.09.24:255][  0]LogConfig: Setting CVar [[r.Shadow.DistanceScale:1.0]]
[2019.08.21-18.09.24:255][  0]LogConfig: Setting CVar [[r.Shadow.CSM.TransitionScale:1.0]]
[2019.08.21-18.09.24:255][  0]LogConfig: Setting CVar [[r.Shadow.PreShadowResolutionFactor:1.0]]
[2019.08.21-18.09.24:255][  0]LogConfig: Setting CVar [[r.DistanceFieldShadowing:1]]
[2019.08.21-18.09.24:255][  0]LogConfig: Setting CVar [[r.DistanceFieldAO:1]]
[2019.08.21-18.09.24:255][  0]LogConfig: Setting CVar [[r.AOQuality:2]]
[2019.08.21-18.09.24:255][  0]LogConfig: Setting CVar [[r.VolumetricFog:1]]
[2019.08.21-18.09.24:255][  0]LogConfig: Setting CVar [[r.VolumetricFog.GridPixelSize:8]]
[2019.08.21-18.09.24:255][  0]LogConfig: Setting CVar [[r.VolumetricFog.GridSizeZ:128]]
[2019.08.21-18.09.24:255][  0]LogConfig: Setting CVar [[r.VolumetricFog.HistoryMissSupersampleCount:4]]
[2019.08.21-18.09.24:255][  0]LogConfig: Setting CVar [[r.LightMaxDrawDistanceScale:1]]
[2019.08.21-18.09.24:255][  0]LogConfig: Setting CVar [[r.CapsuleShadows:1]]
[2019.08.21-18.09.24:255][  0]LogConfig: Applying CVar settings from Section [PostProcessQuality@3] File [C:/Users/KEOrlando/Documents/GitHub/Sacred-Blade/Saved/Config/Windows/Scalability.ini]
[2019.08.21-18.09.24:255][  0]LogConfig: Setting CVar [[r.MotionBlurQuality:4]]
[2019.08.21-18.09.24:255][  0]LogConfig: Setting CVar [[r.AmbientOcclusionMipLevelFactor:0.4]]
[2019.08.21-18.09.24:255][  0]LogConfig: Setting CVar [[r.AmbientOcclusionMaxQuality:100]]
[2019.08.21-18.09.24:255][  0]LogConfig: Setting CVar [[r.AmbientOcclusionLevels:-1]]
[2019.08.21-18.09.24:255][  0]LogConfig: Setting CVar [[r.AmbientOcclusionRadiusScale:1.0]]
[2019.08.21-18.09.24:255][  0]LogConfig: Setting CVar [[r.DepthOfFieldQuality:2]]
[2019.08.21-18.09.24:255][  0]LogConfig: Setting CVar [[r.RenderTargetPoolMin:400]]
[2019.08.21-18.09.24:255][  0]LogConfig: Setting CVar [[r.LensFlareQuality:2]]
[2019.08.21-18.09.24:255][  0]LogConfig: Setting CVar [[r.SceneColorFringeQuality:1]]
[2019.08.21-18.09.24:255][  0]LogConfig: Setting CVar [[r.EyeAdaptationQuality:2]]
[2019.08.21-18.09.24:255][  0]LogConfig: Setting CVar [[r.BloomQuality:5]]
[2019.08.21-18.09.24:255][  0]LogConfig: Setting CVar [[r.FastBlurThreshold:100]]
[2019.08.21-18.09.24:255][  0]LogConfig: Setting CVar [[r.Upscale.Quality:3]]
[2019.08.21-18.09.24:255][  0]LogConfig: Setting CVar [[r.Tonemapper.GrainQuantization:1]]
[2019.08.21-18.09.24:255][  0]LogConfig: Setting CVar [[r.LightShaftQuality:1]]
[2019.08.21-18.09.24:255][  0]LogConfig: Setting CVar [[r.Filter.SizeScale:1]]
[2019.08.21-18.09.24:255][  0]LogConfig: Setting CVar [[r.Tonemapper.Quality:5]]
[2019.08.21-18.09.24:255][  0]LogConfig: Setting CVar [[r.DOF.Gather.AccumulatorQuality:1        ; higher gathering accumulator quality]]
[2019.08.21-18.09.24:255][  0]LogConfig: Setting CVar [[r.DOF.Gather.PostfilterMethod:1          ; Median3x3 postfilering method]]
[2019.08.21-18.09.24:255][  0]LogConfig: Setting CVar [[r.DOF.Gather.EnableBokehSettings:0       ; no bokeh simulation when gathering]]
[2019.08.21-18.09.24:255][  0]LogConfig: Setting CVar [[r.DOF.Gather.RingCount:4                 ; medium number of samples when gathering]]
[2019.08.21-18.09.24:255][  0]LogConfig: Setting CVar [[r.DOF.Scatter.ForegroundCompositing:1    ; additive foreground scattering]]
[2019.08.21-18.09.24:255][  0]LogConfig: Setting CVar [[r.DOF.Scatter.BackgroundCompositing:2    ; additive background scattering]]
[2019.08.21-18.09.24:255][  0]LogConfig: Setting CVar [[r.DOF.Scatter.EnableBokehSettings:1      ; bokeh simulation when scattering]]
[2019.08.21-18.09.24:255][  0]LogConfig: Setting CVar [[r.DOF.Scatter.MaxSpriteRatio:0.1         ; only a maximum of 10% of scattered bokeh]]
[2019.08.21-18.09.24:255][  0]LogConfig: Setting CVar [[r.DOF.Recombine.Quality:1                ; cheap slight out of focus]]
[2019.08.21-18.09.24:255][  0]LogConfig: Setting CVar [[r.DOF.Recombine.EnableBokehSettings:0    ; no bokeh simulation on slight out of focus]]
[2019.08.21-18.09.24:255][  0]LogConfig: Setting CVar [[r.DOF.TemporalAAQuality:1                ; more stable temporal accumulation]]
[2019.08.21-18.09.24:255][  0]LogConfig: Setting CVar [[r.DOF.Kernel.MaxForegroundRadius:0.025]]
[2019.08.21-18.09.24:255][  0]LogConfig: Setting CVar [[r.DOF.Kernel.MaxBackgroundRadius:0.025]]
[2019.08.21-18.09.24:255][  0]LogConfig: Applying CVar settings from Section [TextureQuality@3] File [C:/Users/KEOrlando/Documents/GitHub/Sacred-Blade/Saved/Config/Windows/Scalability.ini]
[2019.08.21-18.09.24:255][  0]LogConfig: Setting CVar [[r.Streaming.MipBias:0]]
[2019.08.21-18.09.24:255][  0]LogConfig: Setting CVar [[r.Streaming.AmortizeCPUToGPUCopy:0]]
[2019.08.21-18.09.24:255][  0]LogConfig: Setting CVar [[r.Streaming.MaxNumTexturesToStreamPerFrame:0]]
[2019.08.21-18.09.24:255][  0]LogConfig: Setting CVar [[r.Streaming.Boost:1]]
[2019.08.21-18.09.24:255][  0]LogConfig: Setting CVar [[r.MaxAnisotropy:8]]
[2019.08.21-18.09.24:255][  0]LogConfig: Setting CVar [[r.Streaming.LimitPoolSizeToVRAM:0]]
[2019.08.21-18.09.24:255][  0]LogConfig: Setting CVar [[r.Streaming.PoolSize:1000]]
[2019.08.21-18.09.24:255][  0]LogConfig: Setting CVar [[r.Streaming.MaxEffectiveScreenSize:0]]
[2019.08.21-18.09.24:255][  0]LogConfig: Applying CVar settings from Section [EffectsQuality@3] File [C:/Users/KEOrlando/Documents/GitHub/Sacred-Blade/Saved/Config/Windows/Scalability.ini]
[2019.08.21-18.09.24:255][  0]LogConfig: Setting CVar [[r.TranslucencyLightingVolumeDim:64]]
[2019.08.21-18.09.24:255][  0]LogConfig: Setting CVar [[r.RefractionQuality:2]]
[2019.08.21-18.09.24:255][  0]LogConfig: Setting CVar [[r.SSR.Quality:3]]
[2019.08.21-18.09.24:255][  0]LogConfig: Setting CVar [[r.SceneColorFormat:4]]
[2019.08.21-18.09.24:255][  0]LogConfig: Setting CVar [[r.DetailMode:2]]
[2019.08.21-18.09.24:255][  0]LogConfig: Setting CVar [[r.TranslucencyVolumeBlur:1]]
[2019.08.21-18.09.24:256][  0]LogConfig: Setting CVar [[r.MaterialQualityLevel:1 ; High quality]]
[2019.08.21-18.09.24:256][  0]LogConfig: Setting CVar [[r.SSS.Scale:1]]
[2019.08.21-18.09.24:256][  0]LogConfig: Setting CVar [[r.SSS.SampleSet:2]]
[2019.08.21-18.09.24:256][  0]LogConfig: Setting CVar [[r.SSS.Quality:1]]
[2019.08.21-18.09.24:256][  0]LogConfig: Setting CVar [[r.SSS.HalfRes:1]]
[2019.08.21-18.09.24:256][  0]LogConfig: Setting CVar [[r.EmitterSpawnRateScale:1.0]]
[2019.08.21-18.09.24:256][  0]LogConfig: Setting CVar [[r.ParticleLightQuality:2]]
[2019.08.21-18.09.24:256][  0]LogConfig: Applying CVar settings from Section [FoliageQuality@3] File [C:/Users/KEOrlando/Documents/GitHub/Sacred-Blade/Saved/Config/Windows/Scalability.ini]
[2019.08.21-18.09.24:256][  0]LogConfig: Setting CVar [[foliage.DensityScale:1.0]]
[2019.08.21-18.09.24:256][  0]LogConfig: Setting CVar [[grass.DensityScale:1.0]]
[2019.08.21-18.09.24:256][  0]LogConfig: Applying CVar settings from Section [Startup] File [../../../Engine/Config/ConsoleVariables.ini]
[2019.08.21-18.09.24:256][  0]LogConfig: Setting CVar [[net.UseAdaptiveNetUpdateFrequency:0]]
[2019.08.21-18.09.24:256][  0]LogConfig: Setting CVar [[p.chaos.AllowCreatePhysxBodies:1]]
[2019.08.21-18.09.24:256][  0]LogConfig: Applying CVar settings from Section [ConsoleVariables] File [C:/Users/KEOrlando/Documents/GitHub/Sacred-Blade/Saved/Config/Windows/Engine.ini]
[2019.08.21-18.09.24:256][  0]LogInit: Computer: DESKTOP-59O70E0
[2019.08.21-18.09.24:256][  0]LogInit: User: KEOrlando
[2019.08.21-18.09.24:256][  0]LogInit: CPU Page size=4096, Cores=6
[2019.08.21-18.09.24:256][  0]LogInit: High frequency timer resolution =2.156249 MHz
[2019.08.21-18.09.24:256][  0]LogMemory: Memory total: Physical=15.8GB (16GB approx)
[2019.08.21-18.09.24:256][  0]LogMemory: Platform Memory Stats for Windows
[2019.08.21-18.09.24:256][  0]LogMemory: Process Physical Memory: 98.86 MB used, 98.86 MB peak
[2019.08.21-18.09.24:256][  0]LogMemory: Process Virtual Memory: 90.27 MB used, 90.27 MB peak
[2019.08.21-18.09.24:256][  0]LogMemory: Physical Memory: 9881.89 MB used,  6313.39 MB free, 16195.29 MB total
[2019.08.21-18.09.24:256][  0]LogMemory: Virtual Memory: 4677.38 MB used,  134213048.00 MB free, 134217728.00 MB total
[2019.08.21-18.09.24:293][  0]LogInit: Using OS detected language (en-US).
[2019.08.21-18.09.24:293][  0]LogInit: Using OS detected locale (en-US).
[2019.08.21-18.09.24:295][  0]LogTextLocalizationManager: No specific localization for 'en-US' exists, so the 'en' localization will be used.
[2019.08.21-18.09.24:558][  0]LogInit: Setting process to per monitor DPI aware
[2019.08.21-18.09.24:603][  0]LogSlate: New Slate User Created.  User Index 0, Is Virtual User: 0
[2019.08.21-18.09.24:603][  0]LogSlate: Slate User Registered.  User Index 0, Is Virtual User: 0
[2019.08.21-18.09.24:851][  0]LogHMD: Failed to initialize OpenVR with code 110
[2019.08.21-18.09.24:851][  0]LogD3D11RHI: D3D11 adapters:
[2019.08.21-18.09.24:922][  0]LogD3D11RHI:    0. 'NVIDIA Quadro P5200' (Feature Level 11_0)
[2019.08.21-18.09.24:922][  0]LogD3D11RHI:       16255/0/8097 MB DedicatedVideo/DedicatedSystem/SharedSystem, Outputs:2, VendorId:0x10de
[2019.08.21-18.09.24:941][  0]LogD3D11RHI:    1. 'Intel(R) UHD Graphics 630' (Feature Level 11_0)
[2019.08.21-18.09.24:941][  0]LogD3D11RHI:       128/0/8097 MB DedicatedVideo/DedicatedSystem/SharedSystem, Outputs:0, VendorId:0x8086
[2019.08.21-18.09.24:944][  0]LogD3D11RHI:    2. 'Microsoft Basic Render Driver' (Feature Level 11_0)
[2019.08.21-18.09.24:944][  0]LogD3D11RHI:       0/0/8097 MB DedicatedVideo/DedicatedSystem/SharedSystem, Outputs:0, VendorId:0x1414
[2019.08.21-18.09.24:944][  0]LogD3D11RHI: Chosen D3D11 Adapter: 0
[2019.08.21-18.09.24:980][  0]LogD3D11RHI: Creating new Direct3DDevice
[2019.08.21-18.09.24:980][  0]LogD3D11RHI:     GPU DeviceId: 0x1bb5 (for the marketing name, search the web for "GPU Device Id")
[2019.08.21-18.09.24:980][  0]LogWindows: EnumDisplayDevices:
[2019.08.21-18.09.24:980][  0]LogWindows:    0. 'Intel(R) UHD Graphics 630' (P:1 D:1)
[2019.08.21-18.09.24:981][  0]LogWindows:    1. 'Intel(R) UHD Graphics 630' (P:0 D:0)
[2019.08.21-18.09.24:981][  0]LogWindows:    2. 'Intel(R) UHD Graphics 630' (P:0 D:0)
[2019.08.21-18.09.24:981][  0]LogWindows:    3. 'NVIDIA Quadro P5200' (P:0 D:1)
[2019.08.21-18.09.24:981][  0]LogWindows:    4. 'NVIDIA Quadro P5200' (P:0 D:0)
[2019.08.21-18.09.24:982][  0]LogWindows:    5. 'NVIDIA Quadro P5200' (P:0 D:0)
[2019.08.21-18.09.24:982][  0]LogWindows:    6. 'NVIDIA Quadro P5200' (P:0 D:0)
[2019.08.21-18.09.24:982][  0]LogWindows: DebugString: PrimaryIsNotTheChoosenAdapter PrimaryIsNotTheChoosenAdapter PrimaryIsNotTheChoosenAdapter FoundDriverCount:4 
[2019.08.21-18.09.24:982][  0]LogD3D11RHI:     Adapter Name: NVIDIA Quadro P5200
[2019.08.21-18.09.24:982][  0]LogD3D11RHI:   Driver Version: 425.53 (internal:25.21.14.2553, unified:425.53)
[2019.08.21-18.09.24:982][  0]LogD3D11RHI:      Driver Date: 5-6-2019
[2019.08.21-18.09.24:982][  0]LogRHI: Texture pool is 11378 MB (70% of 16255 MB)
[2019.08.21-18.09.25:029][  0]LogD3D11RHI: Async texture creation enabled
[2019.08.21-18.09.25:032][  0]LogRendererCore: FGlobalReadBuffer::InitRHI
[2019.08.21-18.09.25:032][  0]LogRendererCore: FGlobalReadBuffer::InitRHI
[2019.08.21-18.09.25:032][  0]LogRendererCore: FGlobalReadBuffer::InitRHI
[2019.08.21-18.09.25:040][  0]LogD3D11RHI: GPU Timing Frequency: 1000.000000 (Debug: 2 1)
[2019.08.21-18.09.25:291][  0]LogTemp: Display: Module 'AllDesktopTargetPlatform' loaded TargetPlatform 'AllDesktop'
[2019.08.21-18.09.25:302][  0]LogTemp: Display: Module 'MacClientTargetPlatform' loaded TargetPlatform 'MacClient'
[2019.08.21-18.09.25:315][  0]LogTemp: Display: Module 'MacNoEditorTargetPlatform' loaded TargetPlatform 'MacNoEditor'
[2019.08.21-18.09.25:328][  0]LogTemp: Display: Module 'MacServerTargetPlatform' loaded TargetPlatform 'MacServer'
[2019.08.21-18.09.25:342][  0]LogTemp: Display: Module 'MacTargetPlatform' loaded TargetPlatform 'Mac'
[2019.08.21-18.09.25:355][  0]LogTemp: Display: Module 'WindowsClientTargetPlatform' loaded TargetPlatform 'WindowsClient'
[2019.08.21-18.09.25:368][  0]LogTemp: Display: Module 'WindowsNoEditorTargetPlatform' loaded TargetPlatform 'WindowsNoEditor'
[2019.08.21-18.09.25:381][  0]LogTemp: Display: Module 'WindowsServerTargetPlatform' loaded TargetPlatform 'WindowsServer'
[2019.08.21-18.09.25:388][  0]LogTemp: Display: Module 'WindowsTargetPlatform' loaded TargetPlatform 'Windows'
[2019.08.21-18.09.25:467][  0]LogTemp: Display: Module 'AndroidTargetPlatform' loaded TargetPlatform 'Android'
[2019.08.21-18.09.25:467][  0]LogTemp: Display: Module 'AndroidTargetPlatform' loaded TargetPlatform 'Android_ASTC'
[2019.08.21-18.09.25:467][  0]LogTemp: Display: Module 'AndroidTargetPlatform' loaded TargetPlatform 'Android_ATC'
[2019.08.21-18.09.25:467][  0]LogTemp: Display: Module 'AndroidTargetPlatform' loaded TargetPlatform 'Android_DXT'
[2019.08.21-18.09.25:467][  0]LogTemp: Display: Module 'AndroidTargetPlatform' loaded TargetPlatform 'Android_ETC1'
[2019.08.21-18.09.25:467][  0]LogTemp: Display: Module 'AndroidTargetPlatform' loaded TargetPlatform 'Android_ETC1a'
[2019.08.21-18.09.25:467][  0]LogTemp: Display: Module 'AndroidTargetPlatform' loaded TargetPlatform 'Android_ETC2'
[2019.08.21-18.09.25:467][  0]LogTemp: Display: Module 'AndroidTargetPlatform' loaded TargetPlatform 'Android_PVRTC'
[2019.08.21-18.09.25:467][  0]LogTemp: Display: Module 'AndroidTargetPlatform' loaded TargetPlatform 'AndroidClient'
[2019.08.21-18.09.25:467][  0]LogTemp: Display: Module 'AndroidTargetPlatform' loaded TargetPlatform 'Android_ASTCClient'
[2019.08.21-18.09.25:468][  0]LogTemp: Display: Module 'AndroidTargetPlatform' loaded TargetPlatform 'Android_ATCClient'
[2019.08.21-18.09.25:468][  0]LogTemp: Display: Module 'AndroidTargetPlatform' loaded TargetPlatform 'Android_DXTClient'
[2019.08.21-18.09.25:468][  0]LogTemp: Display: Module 'AndroidTargetPlatform' loaded TargetPlatform 'Android_ETC1Client'
[2019.08.21-18.09.25:468][  0]LogTemp: Display: Module 'AndroidTargetPlatform' loaded TargetPlatform 'Android_ETC1aClient'
[2019.08.21-18.09.25:468][  0]LogTemp: Display: Module 'AndroidTargetPlatform' loaded TargetPlatform 'Android_ETC2Client'
[2019.08.21-18.09.25:468][  0]LogTemp: Display: Module 'AndroidTargetPlatform' loaded TargetPlatform 'Android_PVRTCClient'
[2019.08.21-18.09.25:468][  0]LogTemp: Display: Module 'AndroidTargetPlatform' loaded TargetPlatform 'Android_Multi'
[2019.08.21-18.09.25:468][  0]LogTemp: Display: Module 'AndroidTargetPlatform' loaded TargetPlatform 'Android_MultiClient'
[2019.08.21-18.09.25:469][  0]LogTemp: Display: Module 'HTML5TargetPlatform' loaded TargetPlatform 'HTML5'
[2019.08.21-18.09.25:519][  0]LogTemp: Display: Module 'IOSTargetPlatform' loaded TargetPlatform 'IOSClient'
[2019.08.21-18.09.25:519][  0]LogTemp: Display: Module 'IOSTargetPlatform' loaded TargetPlatform 'IOS'
[2019.08.21-18.09.25:541][  0]LogTemp: Display: Module 'TVOSTargetPlatform' loaded TargetPlatform 'TVOSClient'
[2019.08.21-18.09.25:541][  0]LogTemp: Display: Module 'TVOSTargetPlatform' loaded TargetPlatform 'TVOS'
[2019.08.21-18.09.25:553][  0]LogTemp: Display: Module 'LinuxClientTargetPlatform' loaded TargetPlatform 'LinuxClient'
[2019.08.21-18.09.25:564][  0]LogTemp: Display: Module 'LinuxNoEditorTargetPlatform' loaded TargetPlatform 'LinuxNoEditor'
[2019.08.21-18.09.25:576][  0]LogTemp: Display: Module 'LinuxServerTargetPlatform' loaded TargetPlatform 'LinuxServer'
[2019.08.21-18.09.25:588][  0]LogTemp: Display: Module 'LinuxTargetPlatform' loaded TargetPlatform 'Linux'
[2019.08.21-18.09.25:630][  0]LogTemp: Display: Module 'LuminTargetPlatform' loaded TargetPlatform 'Lumin'
[2019.08.21-18.09.25:630][  0]LogTemp: Display: Module 'LuminTargetPlatform' loaded TargetPlatform 'LuminClient'
[2019.08.21-18.09.25:630][  0]LogTargetPlatformManager: Display: Building Assets For Windows
[2019.08.21-18.09.25:639][  0]LogAudioDebug: Display: Lib vorbis DLL was dynamically loaded.
[2019.08.21-18.09.25:692][  0]LogShaderCompilers: Guid format shader working directory is -14 characters bigger than the processId version (../../../../../../Users/KEOrlando/Documents/GitHub/Sacred-Blade/Intermediate/Shaders/WorkingDirectory/13460/).
[2019.08.21-18.09.25:693][  0]LogShaderCompilers: Cleaned the shader compiler working directory 'C:/Users/KEOrlando/AppData/Local/Temp/UnrealShaderWorkingDir/0F4CA24745E61B2DE0C1AC841486CDF5/'.
[2019.08.21-18.09.25:695][  0]LogXGEController: Cannot use XGE Controller as Incredibuild is not installed on this machine.
[2019.08.21-18.09.25:695][  0]LogShaderCompilers: Cannot use XGE Shader Compiler as Incredibuild is not installed on this machine.
[2019.08.21-18.09.25:695][  0]LogShaderCompilers: Display: Using Local Shader Compiler.
[2019.08.21-18.09.26:192][  0]LogDerivedDataCache: Display: Max Cache Size: 512 MB
[2019.08.21-18.09.26:243][  0]LogDerivedDataCache: Loaded boot cache 0.05s 71MB C:/Users/KEOrlando/AppData/Local/UnrealEngine/4.22/DerivedDataCache/Boot.ddc.
[2019.08.21-18.09.26:243][  0]LogDerivedDataCache: Display: Loaded Boot cache: C:/Users/KEOrlando/AppData/Local/UnrealEngine/4.22/DerivedDataCache/Boot.ddc
[2019.08.21-18.09.26:243][  0]LogDerivedDataCache: FDerivedDataBackendGraph:  Pak pak cache file ../../../../../../Users/KEOrlando/Documents/GitHub/Sacred-Blade/DerivedDataCache/DDC.ddp not found, will not use a pak cache.
[2019.08.21-18.09.26:243][  0]LogDerivedDataCache: Unable to find inner node Pak for hierarchical cache Hierarchy.
[2019.08.21-18.09.26:243][  0]LogDerivedDataCache: FDerivedDataBackendGraph:  CompressedPak pak cache file ../../../../../../Users/KEOrlando/Documents/GitHub/Sacred-Blade/DerivedDataCache/Compressed.ddp not found, will not use a pak cache.
[2019.08.21-18.09.26:243][  0]LogDerivedDataCache: Unable to find inner node CompressedPak for hierarchical cache Hierarchy.
[2019.08.21-18.09.26:254][  0]LogDerivedDataCache: Display: Pak cache opened for reading ../../../Engine/DerivedDataCache/Compressed.ddp.
[2019.08.21-18.09.26:254][  0]LogDerivedDataCache: FDerivedDataBackendGraph:  EnterprisePak pak cache file ../../../Enterprise/DerivedDataCache/Compressed.ddp not found, will not use a pak cache.
[2019.08.21-18.09.26:254][  0]LogDerivedDataCache: Unable to find inner node EnterprisePak for hierarchical cache Hierarchy.
[2019.08.21-18.09.26:266][  0]LogDerivedDataCache: Using Local data cache path C:/Users/KEOrlando/AppData/Local/UnrealEngine/Common/DerivedDataCache: Writable
[2019.08.21-18.09.26:266][  0]LogDerivedDataCache: Shared data cache path not found in *engine.ini, will not use an Shared cache.
[2019.08.21-18.09.26:266][  0]LogDerivedDataCache: Unable to find inner node Shared for hierarchical cache Hierarchy.
[2019.08.21-18.09.26:285][  0]LogMaterial: Verifying Global Shaders for PCD3D_SM5
[2019.08.21-18.09.26:286][  0]LogSlate: Using FreeType 2.6.0
[2019.08.21-18.09.26:286][  0]LogSlate: SlateFontServices - WITH_FREETYPE: 1, WITH_HARFBUZZ: 1
[2019.08.21-18.09.26:376][  0]LogAssetRegistry: FAssetRegistry took 0.0330 seconds to start up
[2019.08.21-18.09.26:673][  0]LogInit: Selected Device Profile: [Windows]
[2019.08.21-18.09.26:803][  0]LogMeshReduction: Using QuadricMeshReduction for automatic static mesh reduction
[2019.08.21-18.09.26:803][  0]LogMeshReduction: Using SimplygonMeshReduction for automatic skeletal mesh reduction
[2019.08.21-18.09.26:803][  0]LogMeshReduction: Using ProxyLODMeshReduction for automatic mesh merging
[2019.08.21-18.09.26:803][  0]LogMeshReduction: No distributed automatic mesh merging module available
[2019.08.21-18.09.26:803][  0]LogMeshMerging: No distributed automatic mesh merging module available
[2019.08.21-18.09.26:816][  0]LogNetVersion: SacredBlade 1.0.0, NetCL: 5660361, EngineNetVer: 10, GameNetVer: 0 (Checksum: 1367900663)
[2019.08.21-18.09.27:338][  0]LogPackageLocalizationCache: Processed 10 localized package path(s) for 1 prioritized culture(s) in 0.047974 seconds
[2019.08.21-18.09.27:344][  0]LogUObjectArray: 42205 objects as part of root set at end of initial load.
[2019.08.21-18.09.27:344][  0]LogUObjectAllocator: 7325032 out of 0 bytes used by permanent object pool.
[2019.08.21-18.09.27:344][  0]LogUObjectArray: CloseDisregardForGC: 0/0 objects in disregard for GC pool
[2019.08.21-18.09.28:239][  0]LogTcpMessaging: Initializing TcpMessaging bridge
[2019.08.21-18.09.28:254][  0]LogUdpMessaging: Initializing bridge on interface 0.0.0.0:0 to multicast group 230.0.0.1:6666.
[2019.08.21-18.09.28:400][  0]SourceControl: Source control is disabled
[2019.08.21-18.09.28:400][  0]SourceControl: Source control is disabled
[2019.08.21-18.09.28:402][  0]SourceControl: Source control is disabled
[2019.08.21-18.09.28:403][  0]SourceControl: Source control is disabled
[2019.08.21-18.09.28:482][  0]LogAndroidPermission: UAndroidPermissionCallbackProxy::GetInstance
[2019.08.21-18.09.28:536][  0]LogOcInput: OculusInput pre-init called
[2019.08.21-18.09.29:275][  0]LogEngine: Initializing Engine...
[2019.08.21-18.09.29:276][  0]LogHMD: Failed to initialize OpenVR with code 110
[2019.08.21-18.09.29:277][  0]LogStats: UGameplayTagsManager::InitializeManager -  0.000 s
[2019.08.21-18.09.29:473][  0]LogInit: Initializing FReadOnlyCVARCache
[2019.08.21-18.09.29:489][  0]LogAIModule: Creating AISystem for world Untitled
[2019.08.21-18.09.29:520][  0]LogInit: XAudio2 using 'Speakers (Conexant ISST Audio)' : 2 channels at 48 kHz using 32 bits per sample (channel mask 0x3)
[2019.08.21-18.09.29:614][  0]LogInit: FAudioDevice initialized.
[2019.08.21-18.09.29:615][  0]LogNetVersion: Set ProjectVersion to 1.0.0.0. Version Checksum will be recalculated on next use.
[2019.08.21-18.09.29:667][  0]LogDerivedDataCache: Saved boot cache 0.05s 71MB C:/Users/KEOrlando/AppData/Local/UnrealEngine/4.22/DerivedDataCache/Boot.ddc.
[2019.08.21-18.09.29:677][  0]LogInit: Texture streaming: Enabled
[2019.08.21-18.09.29:696][  0]LogEngineSessionManager: EngineSessionManager initialized
[2019.08.21-18.09.29:722][  0]LogInit: Transaction tracking system initialized
[2019.08.21-18.09.29:749][  0]BlueprintLog: New page: Editor Load
[2019.08.21-18.09.29:839][  0]LocalizationService: Localization service is disabled
[2019.08.21-18.09.30:129][  0]LogFileCache: Scanning file cache for directory 'C:/Users/KEOrlando/Documents/GitHub/Sacred-Blade/Content/' took 0.03s
[2019.08.21-18.09.30:129][  0]LogCook: Display: Max memory allowance for cook 16384mb min free memory 0mb
[2019.08.21-18.09.30:129][  0]LogCook: Display: Mobile HDR setting 1
[2019.08.21-18.09.30:390][  0]SourceControl: Source control is disabled
[2019.08.21-18.09.30:390][  0]Cmd: MAP LOAD FILE="../../../../../../Users/KEOrlando/Documents/GitHub/Sacred-Blade/Content/Levels/TestMap.umap" TEMPLATE=0 SHOWPROGRESS=1 FEATURELEVEL=3
[2019.08.21-18.09.30:390][  0]LightingResults: New page: Lighting Build
[2019.08.21-18.09.30:394][  0]MapCheck: New page: Map Check
[2019.08.21-18.09.30:394][  0]LightingResults: New page: Lighting Build
[2019.08.21-18.09.30:425][  0]LogUObjectHash: Compacting FUObjectHashTables data took   1.50ms
[2019.08.21-18.09.30:897][  0]LogLinker: Warning: Can't find file '/Game/Mannequin/Character/Textures/UE4_LOGO_CARD'
[2019.08.21-18.09.30:897][  0]LoadErrors: Failed to load /Game/Assets/Character/Mesh/SK_Mannequin.SK_Mannequin Referenced by CharacterMesh0
[2019.08.21-18.09.30:898][  0]LogLinker: Warning: Can't find file for asset '/Game/Mannequin/Character/Textures/UE4_LOGO_CARD' while loading NULL.
[2019.08.21-18.09.30:898][  0]LogLinker: Warning: Can't find file '/Game/Mannequin/Character/Textures/UE4_LOGO_CARD'
[2019.08.21-18.09.30:898][  0]LoadErrors: Failed to load /Game/Assets/Character/Mesh/SK_Mannequin.SK_Mannequin Referenced by CharacterMesh0
[2019.08.21-18.09.30:898][  0]LogLinker: Warning: Can't find file for asset '/Game/Mannequin/Character/Textures/UE4_LOGO_CARD' while loading NULL.
[2019.08.21-18.09.30:916][  0]LogLinker: Warning: Can't find file '/Game/Mannequin/Character/Textures/UE4_Mannequin__normals'
[2019.08.21-18.09.30:917][  0]LoadErrors: Failed to load /Game/Assets/Character/Mesh/SK_Mannequin.SK_Mannequin Referenced by CharacterMesh0
[2019.08.21-18.09.30:917][  0]LogLinker: Warning: Can't find file for asset '/Game/Mannequin/Character/Textures/UE4_Mannequin__normals' while loading NULL.
[2019.08.21-18.09.30:917][  0]LogLinker: Warning: Can't find file '/Game/Mannequin/Character/Textures/UE4_Mannequin_MAT_MASKA'
[2019.08.21-18.09.30:917][  0]LoadErrors: Failed to load /Game/Assets/Character/Mesh/SK_Mannequin.SK_Mannequin Referenced by CharacterMesh0
[2019.08.21-18.09.30:917][  0]LogLinker: Warning: Can't find file for asset '/Game/Mannequin/Character/Textures/UE4_Mannequin_MAT_MASKA' while loading NULL.
[2019.08.21-18.09.30:918][  0]LogLinker: Warning: Can't find file '/Game/Mannequin/Character/Textures/UE4_Mannequin__normals'
[2019.08.21-18.09.30:918][  0]LoadErrors: Failed to load /Game/Assets/Character/Mesh/SK_Mannequin.SK_Mannequin Referenced by CharacterMesh0
[2019.08.21-18.09.30:918][  0]LogLinker: Warning: Can't find file for asset '/Game/Mannequin/Character/Textures/UE4_Mannequin__normals' while loading NULL.
[2019.08.21-18.09.30:918][  0]LogLinker: Warning: Can't find file '/Game/Mannequin/Character/Textures/UE4_Mannequin_MAT_MASKA'
[2019.08.21-18.09.30:918][  0]LoadErrors: Failed to load /Game/Assets/Character/Mesh/SK_Mannequin.SK_Mannequin Referenced by CharacterMesh0
[2019.08.21-18.09.30:918][  0]LogLinker: Warning: Can't find file for asset '/Game/Mannequin/Character/Textures/UE4_Mannequin_MAT_MASKA' while loading NULL.
[2019.08.21-18.09.30:924][  0]LogLinker: Warning: Can't find file '/Game/Mannequin/Character/Textures/UE4Man_Logo_N'
[2019.08.21-18.09.30:924][  0]LoadErrors: Failed to load /Game/Assets/Character/Mesh/SK_Mannequin.SK_Mannequin Referenced by CharacterMesh0
[2019.08.21-18.09.30:924][  0]LogLinker: Warning: Can't find file for asset '/Game/Mannequin/Character/Textures/UE4Man_Logo_N' while loading NULL.
[2019.08.21-18.09.30:924][  0]LogLinker: Warning: Can't find file '/Game/Mannequin/Character/Textures/UE4Man_Logo_N'
[2019.08.21-18.09.30:924][  0]LoadErrors: Failed to load /Game/Assets/Character/Mesh/SK_Mannequin.SK_Mannequin Referenced by CharacterMesh0
[2019.08.21-18.09.30:924][  0]LogLinker: Warning: Can't find file for asset '/Game/Mannequin/Character/Textures/UE4Man_Logo_N' while loading NULL.
[2019.08.21-18.09.32:477][  0]LogTexture: Display: Building textures: Crosshairs (BGRA8, 715X720)
[2019.08.21-18.09.32:477][  0]LogLinker: Warning: Can't find file '/Game/Mannequin/Character/Textures/UE4_Mannequin_MAT_MASKA'
[2019.08.21-18.09.32:478][  0]LoadErrors: Failed to load /Game/Mannequin/Character/Textures/UE4_Mannequin_MAT_MASKA.UE4_Mannequin_MAT_MASKA Referenced by MaterialExpressionTextureSample_4
[2019.08.21-18.09.32:478][  0]LogLinker: Warning: Can't find file for asset '/Game/Mannequin/Character/Textures/UE4_Mannequin_MAT_MASKA' while loading NULL.
[2019.08.21-18.09.32:478][  0]LogLinker: Warning: Can't find file '/Game/Mannequin/Character/Textures/UE4_Mannequin__normals'
[2019.08.21-18.09.32:478][  0]LoadErrors: Failed to load /Game/Mannequin/Character/Textures/UE4_Mannequin__normals.UE4_Mannequin__normals Referenced by MaterialExpressionTextureSampleParameter2D_0
[2019.08.21-18.09.32:478][  0]LogLinker: Warning: Can't find file for asset '/Game/Mannequin/Character/Textures/UE4_Mannequin__normals' while loading NULL.
[2019.08.21-18.09.32:479][  0]LogLinker: Warning: Can't find file '/Game/Mannequin/Character/Textures/UE4_LOGO_CARD'
[2019.08.21-18.09.32:479][  0]LoadErrors: Failed to load /Game/Mannequin/Character/Textures/UE4_LOGO_CARD.UE4_LOGO_CARD Referenced by MaterialExpressionTextureSample_2
[2019.08.21-18.09.32:479][  0]LogLinker: Warning: Can't find file for asset '/Game/Mannequin/Character/Textures/UE4_LOGO_CARD' while loading NULL.
[2019.08.21-18.09.32:482][  0]LogLinker: Warning: Can't find file '/Game/Mannequin/Character/Textures/UE4Man_Logo_N'
[2019.08.21-18.09.32:482][  0]LoadErrors: Failed to load /Game/Mannequin/Character/Textures/UE4Man_Logo_N.UE4Man_Logo_N Referenced by M_UE4Man_ChestLogo
[2019.08.21-18.09.32:482][  0]LogLinker: Warning: Can't find file for asset '/Game/Mannequin/Character/Textures/UE4Man_Logo_N' while loading NULL.
[2019.08.21-18.09.32:614][  0]LoadErrors: Warning: Linear color curves now accurately handle RGB values > 1. If you were relying on HSV clamping, please update Curve_GoodSky_horizon_Color
[2019.08.21-18.09.32:614][  0]LoadErrors: Warning: Linear color curves now accurately handle RGB values > 1. If you were relying on HSV clamping, please update Curve_GoodSky_DomeColor
[2019.08.21-18.09.32:614][  0]LoadErrors: Warning: Linear color curves now accurately handle RGB values > 1. If you were relying on HSV clamping, please update Curve_GoodSky_BaseCloudColor
[2019.08.21-18.09.32:655][  0]LogStaticMesh: Building static mesh SM_BearTrapClosed...
[2019.08.21-18.09.32:673][  0]LogStaticMesh: Built static mesh [0.02s] /Game/Assets/Meshes/SM_BearTrapClosed.SM_BearTrapClosed
[2019.08.21-18.09.32:688][  0]LogMaterial: Display: Missing cached shader map for material BearTrapMiddle, compiling. 
[2019.08.21-18.09.32:731][  0]LogMaterial: Display: Missing cached shader map for material Beartrap_MetalBar, compiling. 
[2019.08.21-18.09.32:745][  0]LogMaterial: Display: Missing cached shader map for material BearTrap_Chompers, compiling. 
[2019.08.21-18.09.33:487][  0]LogStaticMesh: Building static mesh SM_BearTrapOpen...
[2019.08.21-18.09.33:516][  0]LogStaticMesh: Built static mesh [0.03s] /Game/Assets/Meshes/SM_BearTrapOpen.SM_BearTrapOpen
[2019.08.21-18.09.33:532][  0]LogMaterial: Display: Missing cached shader map for material M_TrapArm, compiling. 
[2019.08.21-18.09.34:265][  0]LoadErrors: Warning: Linear color curves now accurately handle RGB values > 1. If you were relying on HSV clamping, please update Curve_GoodSky_AllOverlayColor
[2019.08.21-18.09.34:321][  0]LogMaterial: Display: Missing cached shader map for material M_UE4Man_Body, compiling. 
[2019.08.21-18.09.34:326][  0]LogMaterial: Warning: C:\Users\KEOrlando\Documents\GitHub\Sacred-Blade\Content\Assets\Character\Materials\M_UE4Man_Body.uasset: Failed to compile Material for platform PCD3D_SM5, Default Material will be used in game.
[2019.08.21-18.09.34:326][  0]LogMaterial: 	(Node TextureSampleParameter2D) Param2D> Requires Texture2D
[2019.08.21-18.09.34:326][  0]LogMaterial: 	Function MatLayerBlend_NormalBlend: (Node MakeMaterialAttributes) Error on property Normal
[2019.08.21-18.09.34:326][  0]LogMaterial: 	(Node TextureSample) Texture Sample> Missing input texture
[2019.08.21-18.09.34:326][  0]LogMaterial: 	Function MatLayerBlend_Simple: (Node MakeMaterialAttributes) Error on property EmissiveColor
[2019.08.21-18.09.34:326][  0]LogMaterial: 	Function MatLayerBlend_Simple: (Node MakeMaterialAttributes) Error on property BaseColor
[2019.08.21-18.09.34:326][  0]LogMaterial: 	Function MatLayerBlend_Simple: (Node MakeMaterialAttributes) Error on property Metallic
[2019.08.21-18.09.34:326][  0]LogMaterial: 	Function MatLayerBlend_Simple: (Node MakeMaterialAttributes) Error on property Roughness
[2019.08.21-18.09.34:332][  0]LogMaterial: Display: Missing cached shader map for material M_UE4Man_Body, compiling. 
[2019.08.21-18.09.34:334][  0]LogMaterial: Warning: C:\Users\KEOrlando\Documents\GitHub\Sacred-Blade\Content\Assets\Character\Materials\M_UE4Man_ChestLogo.uasset: Failed to compile Material Instance with Base M_UE4Man_Body for platform PCD3D_SM5, Default Material will be used in game.
[2019.08.21-18.09.34:334][  0]LogMaterial: 	(Node TextureSampleParameter2D) Param2D> Requires Texture2D
[2019.08.21-18.09.34:334][  0]LogMaterial: 	Function MatLayerBlend_NormalBlend: (Node MakeMaterialAttributes) Error on property Normal
[2019.08.21-18.09.34:334][  0]LogMaterial: 	Function ML_Plastic_Shiny_Beige_LOGO: (Node TextureSample) Logo Mask> Missing input texture
[2019.08.21-18.09.34:334][  0]LogMaterial: 	Function ML_Plastic_Shiny_Beige_LOGO: (Node MakeMaterialAttributes) Error on property OpacityMask
[2019.08.21-18.09.35:361][  0]LogAIModule: Creating AISystem for world TestMap
[2019.08.21-18.09.35:378][  0]LogEditorServer: Finished looking for orphan Actors (0.000 secs)
[2019.08.21-18.09.35:488][  0]LogUObjectHash: Compacting FUObjectHashTables data took   8.75ms
[2019.08.21-18.09.35:488][  0]Cmd: MAP CHECKDEP NOCLEARLOG
[2019.08.21-18.09.35:489][  0]MapCheck: Map check complete: 0 Error(s), 0 Warning(s), took 0.459ms to complete.
[2019.08.21-18.09.35:489][  0]LogFileHelpers: Loading map 'TestMap' took 5.099
[2019.08.21-18.09.35:741][  0]LogSlate: Updating window title bar state: overlay mode, drag disabled, window buttons hidden, title bar hidden
[2019.08.21-18.09.35:766][  0]LogSlate: Updating window title bar state: overlay mode, drag disabled, window buttons hidden, title bar hidden
[2019.08.21-18.09.35:789][  0]LogSlate: Updating window title bar state: overlay mode, drag disabled, window buttons hidden, title bar hidden
[2019.08.21-18.09.35:813][  0]LogSlate: Updating window title bar state: overlay mode, drag disabled, window buttons hidden, title bar hidden
[2019.08.21-18.09.35:840][  0]LogCollectionManager: Loaded 0 collections in 0.004530 seconds
[2019.08.21-18.09.35:863][  0]LogFileCache: Scanning file cache for directory 'C:/Users/KEOrlando/Documents/GitHub/Sacred-Blade/Saved/Collections/' took 0.01s
[2019.08.21-18.09.35:863][  0]LogFileCache: Scanning file cache for directory 'C:/Users/KEOrlando/Documents/GitHub/Sacred-Blade/Content/Developers/KEOrlando/Collections/' took 0.00s
[2019.08.21-18.09.35:863][  0]LogFileCache: Scanning file cache for directory 'C:/Users/KEOrlando/Documents/GitHub/Sacred-Blade/Content/Collections/' took 0.00s
[2019.08.21-18.09.35:863][  0]LogCollectionManager: Rebuilt the GUID cache for 0 collections in 0.000001 seconds
[2019.08.21-18.09.35:883][  0]LogContentBrowser: Native class hierarchy populated in 0.0197 seconds. Added 2741 classes and 664 folders.
[2019.08.21-18.09.35:903][  0]LogContentBrowser: Native class hierarchy updated for 'WidgetCarousel' in 0.0008 seconds. Added 0 classes and 0 folders.
[2019.08.21-18.09.35:919][  0]LogPakFile: Registered encryption key '00000000000000000000000000000000': 0 pak files mounted, 0 remain pending
[2019.08.21-18.09.35:932][  0]LogPakFile: Registered encryption key '00000000000000000000000000000000': 0 pak files mounted, 0 remain pending
[2019.08.21-18.09.35:958][  0]LogPakFile: Registered encryption key '00000000000000000000000000000000': 0 pak files mounted, 0 remain pending
[2019.08.21-18.09.35:973][  0]LogPakFile: Registered encryption key '00000000000000000000000000000000': 0 pak files mounted, 0 remain pending
[2019.08.21-18.09.35:986][  0]LogPakFile: Registered encryption key '00000000000000000000000000000000': 0 pak files mounted, 0 remain pending
[2019.08.21-18.09.36:001][  0]LogPakFile: Registered encryption key '00000000000000000000000000000000': 0 pak files mounted, 0 remain pending
[2019.08.21-18.09.36:015][  0]LogPakFile: Registered encryption key '00000000000000000000000000000000': 0 pak files mounted, 0 remain pending
[2019.08.21-18.09.36:027][  0]LogPakFile: Registered encryption key '00000000000000000000000000000000': 0 pak files mounted, 0 remain pending
[2019.08.21-18.09.36:042][  0]LogPakFile: Registered encryption key '00000000000000000000000000000000': 0 pak files mounted, 0 remain pending
[2019.08.21-18.09.36:058][  0]LogPakFile: Registered encryption key '00000000000000000000000000000000': 0 pak files mounted, 0 remain pending
[2019.08.21-18.09.36:071][  0]LogPakFile: Registered encryption key '00000000000000000000000000000000': 0 pak files mounted, 0 remain pending
[2019.08.21-18.09.36:084][  0]LogPakFile: Registered encryption key '00000000000000000000000000000000': 0 pak files mounted, 0 remain pending
[2019.08.21-18.09.36:098][  0]LogPakFile: Registered encryption key '00000000000000000000000000000000': 0 pak files mounted, 0 remain pending
[2019.08.21-18.09.36:111][  0]LogPakFile: Registered encryption key '00000000000000000000000000000000': 0 pak files mounted, 0 remain pending
[2019.08.21-18.09.36:124][  0]LogPakFile: Registered encryption key '00000000000000000000000000000000': 0 pak files mounted, 0 remain pending
[2019.08.21-18.09.36:138][  0]LogPakFile: Registered encryption key '00000000000000000000000000000000': 0 pak files mounted, 0 remain pending
[2019.08.21-18.09.36:186][  0]LogPakFile: Registered encryption key '00000000000000000000000000000000': 0 pak files mounted, 0 remain pending
[2019.08.21-18.09.36:196][  0]LogPakFile: Registered encryption key '00000000000000000000000000000000': 0 pak files mounted, 0 remain pending
[2019.08.21-18.09.36:206][  0]LogPakFile: Registered encryption key '00000000000000000000000000000000': 0 pak files mounted, 0 remain pending
[2019.08.21-18.09.36:216][  0]LogPakFile: Registered encryption key '00000000000000000000000000000000': 0 pak files mounted, 0 remain pending
[2019.08.21-18.09.36:225][  0]LogPakFile: Registered encryption key '00000000000000000000000000000000': 0 pak files mounted, 0 remain pending
[2019.08.21-18.09.36:237][  0]LogPakFile: Registered encryption key '00000000000000000000000000000000': 0 pak files mounted, 0 remain pending
[2019.08.21-18.09.36:248][  0]LogPakFile: Registered encryption key '00000000000000000000000000000000': 0 pak files mounted, 0 remain pending
[2019.08.21-18.09.36:259][  0]LogPakFile: Registered encryption key '00000000000000000000000000000000': 0 pak files mounted, 0 remain pending
[2019.08.21-18.09.36:270][  0]LogPakFile: Registered encryption key '00000000000000000000000000000000': 0 pak files mounted, 0 remain pending
[2019.08.21-18.09.36:281][  0]LogPakFile: Registered encryption key '00000000000000000000000000000000': 0 pak files mounted, 0 remain pending
[2019.08.21-18.09.36:621][  0]LogContentBrowser: Native class hierarchy updated for 'AddContentDialog' in 0.0008 seconds. Added 0 classes and 0 folders.
[2019.08.21-18.09.36:866][  0]LogContentBrowser: Native class hierarchy updated for 'HierarchicalLODOutliner' in 0.0008 seconds. Added 0 classes and 0 folders.
[2019.08.21-18.09.36:867][  0]LogLoad: (Engine Initialization) Total time: 15.36 seconds
[2019.08.21-18.09.36:867][  0]LogLoad: (Engine Initialization) Total Blueprint compile time: 0.00 seconds
[2019.08.21-18.09.36:942][  0]LogContentStreaming: Texture pool size now 1000 MB
[2019.08.21-18.09.36:946][  0]LogSlate: FSceneViewport::OnFocusLost() reason 2
[2019.08.21-18.09.37:132][  0]LogSlate: Took 0.000453 seconds to synchronously load lazily loaded font '../../../Engine/Content/Slate/Fonts/Roboto-Regular.ttf' (155K)
[2019.08.21-18.09.37:135][  0]LogSlate: Took 0.000531 seconds to synchronously load lazily loaded font '../../../Engine/Content/Slate/Fonts/Roboto-Bold.ttf' (160K)
[2019.08.21-18.09.37:151][  0]LogSlate: Took 0.007929 seconds to synchronously load lazily loaded font '../../../Engine/Content/Editor/Slate/Fonts/FontAwesome.ttf' (139K)
[2019.08.21-18.09.37:374][  0]LogRenderer: Reallocating scene render targets to support 720x356 Format 10 NumSamples 1 (Frame:1).
[2019.08.21-18.09.37:374][  0]LogSlate: Took 0.008650 seconds to synchronously load lazily loaded font '../../../Engine/Content/Slate/Fonts/Roboto-Light.ttf' (167K)
[2019.08.21-18.09.38:730][ 36]LogAssetRegistry: Asset discovery search completed in 12.3758 seconds
[2019.08.21-18.09.38:736][ 36]LogCollectionManager: Rebuilt the object cache for 0 collections in 0.000001 seconds (found 0 objects)
[2019.08.21-18.09.38:736][ 36]LogCollectionManager: Fixed up redirectors for 0 collections in 0.000114 seconds (updated 0 objects)
[2019.08.21-18.09.51:801][989]LogSlate: Window 'Message Log' being destroyed
[2019.08.21-18.09.51:807][989]LogSlate: Window 'Message Log' being destroyed
[2019.08.21-18.09.52:918][ 22]LogRenderer: Reallocating scene render targets to support 1084x568 Format 10 NumSamples 1 (Frame:1004).
[2019.08.21-18.10.28:039][597]LogInit: XAudio2 using 'Headphones (Conexant ISST Audio)' : 2 channels at 48 kHz using 32 bits per sample (channel mask 0x3)
[2019.08.21-18.10.28:143][598]LogAudio: Warning: Current Audio Device with ID {0.0.0.00000000}.{7696d523-4baa-43ed-a5f9-c6f9705d6a2b} was removed. Shutting down audio device.
[2019.08.21-18.10.28:172][598]LogInit: XAudio2 using 'Headphones (Conexant ISST Audio)' : 2 channels at 48 kHz using 32 bits per sample (channel mask 0x3)
[2019.08.21-18.10.36:738][976]LogSlate: FSceneViewport::OnFocusLost() reason 0
[2019.08.21-18.11.02:695][ 95]LogSlate: Took 0.000288 seconds to synchronously load lazily loaded font '../../../Engine/Content/Slate/Fonts/Roboto-Light.ttf' (167K)
[2019.08.21-18.11.02:710][ 95]LogAssetEditorManager: Opening Asset editor for Blueprint /Game/Blueprints/AllLevels/BP_GameInstance.BP_GameInstance
[2019.08.21-18.11.02:939][ 95]LogContentBrowser: Native class hierarchy updated for 'BlueprintGraph' in 0.0005 seconds. Added 121 classes and 0 folders.
[2019.08.21-18.11.03:628][ 95]LogSlate: Took 0.003457 seconds to synchronously load lazily loaded font '../../../Engine/Content/Slate/Fonts/Roboto-BoldCondensed.ttf' (158K)
[2019.08.21-18.11.03:743][ 96]LogSlate: Took 0.003918 seconds to synchronously load lazily loaded font '../../../Engine/Content/Slate/Fonts/Roboto-Italic.ttf' (157K)
[2019.08.21-18.11.22:827][482]LogAssetEditorManager: Opening Asset editor for Blueprint /Game/Blueprints/Gameplay/BP_GameInstance.BP_GameInstance
[2019.08.21-18.11.26:269][608]LogSlate: Window 'BP_GameInstance' being destroyed
[2019.08.21-18.11.26:276][608]LogSlate: Window 'BP_GameInstance' being destroyed
[2019.08.21-18.11.29:853][844]LogUObjectHash: Compacting FUObjectHashTables data took   3.30ms
[2019.08.21-18.11.39:515][844]LogSlate: Window 'Replace References?' being destroyed
[2019.08.21-18.11.39:520][844]LogSlate: Window 'Delete Assets' being destroyed
[2019.08.21-18.11.40:541][844]LogUObjectHash: Compacting FUObjectHashTables data took   4.00ms
[2019.08.21-18.11.43:481][844]LogSlate: Window 'Message' being destroyed
[2019.08.21-18.11.44:815][844]LogSlate: Window 'Message' being destroyed
[2019.08.21-18.11.44:854][844]LogUObjectHash: Compacting FUObjectHashTables data took   0.74ms
[2019.08.21-18.11.47:287][844]LogSlate: Window 'Critical Failure to Consolidate Assets' being destroyed
[2019.08.21-18.11.49:058][922]LogAssetEditorManager: Opening Asset editor for Blueprint /Game/Blueprints/Gameplay/BP_GameInstance.BP_GameInstance
[2019.08.21-18.11.51:374][  4]LogSlate: Window 'BP_GameInstance' being destroyed
[2019.08.21-18.11.51:387][  4]LogSlate: Window 'BP_GameInstance' being destroyed
[2019.08.21-18.11.53:915][208]LogUObjectHash: Compacting FUObjectHashTables data took   2.10ms
[2019.08.21-18.11.55:610][208]LogSlate: Window 'Delete Assets' being destroyed
[2019.08.21-18.11.55:616][208]LogUObjectGlobals: Force Deleting 1 Package(s):
	Asset Name: /Game/Blueprints/Gameplay/BP_GameInstance.BP_GameInstance
[2019.08.21-18.11.56:027][208]LogUObjectHash: Compacting FUObjectHashTables data took   2.28ms
[2019.08.21-18.11.56:062][208]LogUObjectHash: Compacting FUObjectHashTables data took   1.94ms
[2019.08.21-18.11.56:094][208]LogUObjectHash: Compacting FUObjectHashTables data took   0.82ms
[2019.08.21-18.12.35:824][868]LogSlate: Prevented a slow task dialog from being summoned while a context menu was open
[2019.08.21-18.12.36:231][868]LogAIModule: Creating AISystem for world 3DSetup
[2019.08.21-18.12.36:318][868]LogAIModule: Creating AISystem for world Demonstration
[2019.08.21-18.12.36:353][868]LogUObjectHash: Compacting FUObjectHashTables data took   3.46ms
[2019.08.21-18.13.24:196][868]LogSlate: Window 'Delete Assets' being destroyed
[2019.08.21-18.13.25:023][868]LogUObjectHash: Compacting FUObjectHashTables data took   3.40ms
[2019.08.21-18.13.25:055][868]LogUObjectHash: Compacting FUObjectHashTables data took   0.86ms
[2019.08.21-18.13.25:087][868]LogUObjectHash: Compacting FUObjectHashTables data took   0.66ms
[2019.08.21-18.13.25:119][868]LogUObjectHash: Compacting FUObjectHashTables data took   0.69ms
[2019.08.21-18.13.25:149][868]LogUObjectHash: Compacting FUObjectHashTables data took   0.66ms
[2019.08.21-18.13.25:176][868]LogUObjectHash: Compacting FUObjectHashTables data took   0.68ms
[2019.08.21-18.13.25:205][868]LogUObjectHash: Compacting FUObjectHashTables data took   0.82ms
[2019.08.21-18.13.25:233][868]LogUObjectHash: Compacting FUObjectHashTables data took   0.72ms
[2019.08.21-18.13.25:265][868]LogUObjectHash: Compacting FUObjectHashTables data took   0.67ms
[2019.08.21-18.13.25:299][868]LogUObjectHash: Compacting FUObjectHashTables data took   0.72ms
[2019.08.21-18.13.25:327][868]LogUObjectHash: Compacting FUObjectHashTables data took   0.67ms
[2019.08.21-18.13.25:357][868]LogUObjectHash: Compacting FUObjectHashTables data took   0.67ms
[2019.08.21-18.13.25:383][868]LogUObjectHash: Compacting FUObjectHashTables data took   0.68ms
[2019.08.21-18.13.25:410][868]LogUObjectHash: Compacting FUObjectHashTables data took   0.69ms
[2019.08.21-18.13.25:442][868]LogUObjectHash: Compacting FUObjectHashTables data took   0.72ms
[2019.08.21-18.13.25:469][868]LogUObjectHash: Compacting FUObjectHashTables data took   0.73ms
[2019.08.21-18.13.25:501][868]LogUObjectHash: Compacting FUObjectHashTables data took   0.72ms
[2019.08.21-18.13.25:526][868]LogUObjectHash: Compacting FUObjectHashTables data took   0.85ms
[2019.08.21-18.13.25:557][868]LogUObjectHash: Compacting FUObjectHashTables data took   0.69ms
[2019.08.21-18.13.25:586][868]LogUObjectHash: Compacting FUObjectHashTables data took   0.75ms
[2019.08.21-18.13.25:613][868]LogUObjectHash: Compacting FUObjectHashTables data took   0.68ms
[2019.08.21-18.13.25:642][868]LogUObjectHash: Compacting FUObjectHashTables data took   0.68ms
[2019.08.21-18.13.25:670][868]LogUObjectHash: Compacting FUObjectHashTables data took   0.74ms
[2019.08.21-18.13.25:703][868]LogUObjectHash: Compacting FUObjectHashTables data took   0.74ms
[2019.08.21-18.13.25:728][868]LogUObjectHash: Compacting FUObjectHashTables data took   0.68ms
[2019.08.21-18.13.25:754][868]LogUObjectHash: Compacting FUObjectHashTables data took   0.70ms
[2019.08.21-18.13.25:783][868]LogUObjectHash: Compacting FUObjectHashTables data took   0.68ms
[2019.08.21-18.13.25:810][868]LogUObjectHash: Compacting FUObjectHashTables data took   0.73ms
[2019.08.21-18.13.25:838][868]LogUObjectHash: Compacting FUObjectHashTables data took   0.84ms
[2019.08.21-18.13.25:863][868]LogUObjectHash: Compacting FUObjectHashTables data took   0.71ms
[2019.08.21-18.13.25:894][868]LogUObjectHash: Compacting FUObjectHashTables data took   0.67ms
[2019.08.21-18.13.25:927][868]LogUObjectHash: Compacting FUObjectHashTables data took   0.71ms
[2019.08.21-18.13.25:957][868]LogUObjectHash: Compacting FUObjectHashTables data took   0.68ms
[2019.08.21-18.13.25:984][868]LogUObjectHash: Compacting FUObjectHashTables data took   0.70ms
[2019.08.21-18.13.26:012][868]LogUObjectHash: Compacting FUObjectHashTables data took   0.68ms
[2019.08.21-18.13.26:041][868]LogUObjectHash: Compacting FUObjectHashTables data took   0.68ms
[2019.08.21-18.13.26:071][868]LogUObjectHash: Compacting FUObjectHashTables data took   0.69ms
[2019.08.21-18.13.26:099][868]LogUObjectHash: Compacting FUObjectHashTables data took   0.69ms
[2019.08.21-18.13.26:130][868]LogUObjectHash: Compacting FUObjectHashTables data took   0.79ms
[2019.08.21-18.13.26:159][868]LogUObjectHash: Compacting FUObjectHashTables data took   1.12ms
[2019.08.21-18.13.26:188][868]LogUObjectHash: Compacting FUObjectHashTables data took   0.67ms
[2019.08.21-18.13.26:215][868]LogUObjectHash: Compacting FUObjectHashTables data took   0.73ms
[2019.08.21-18.13.26:243][868]LogUObjectHash: Compacting FUObjectHashTables data took   0.70ms
[2019.08.21-18.13.26:270][868]LogUObjectHash: Compacting FUObjectHashTables data took   0.85ms
[2019.08.21-18.13.26:298][868]LogUObjectHash: Compacting FUObjectHashTables data took   0.72ms
[2019.08.21-18.13.26:327][868]LogUObjectHash: Compacting FUObjectHashTables data took   0.68ms
[2019.08.21-18.13.26:360][868]LogUObjectHash: Compacting FUObjectHashTables data took   0.76ms
[2019.08.21-18.13.26:391][868]LogUObjectHash: Compacting FUObjectHashTables data took   0.71ms
[2019.08.21-18.13.26:418][868]LogUObjectHash: Compacting FUObjectHashTables data took   0.71ms
[2019.08.21-18.13.26:444][868]LogUObjectHash: Compacting FUObjectHashTables data took   0.68ms
[2019.08.21-18.13.26:473][868]LogUObjectHash: Compacting FUObjectHashTables data took   0.68ms
[2019.08.21-18.13.26:500][868]LogUObjectHash: Compacting FUObjectHashTables data took   0.72ms
[2019.08.21-18.13.26:532][868]LogUObjectHash: Compacting FUObjectHashTables data took   0.67ms
[2019.08.21-18.13.26:562][868]LogUObjectHash: Compacting FUObjectHashTables data took   0.76ms
[2019.08.21-18.13.26:593][868]LogUObjectHash: Compacting FUObjectHashTables data took   0.68ms
[2019.08.21-18.13.26:621][868]LogUObjectHash: Compacting FUObjectHashTables data took   0.74ms
[2019.08.21-18.13.26:649][868]LogUObjectHash: Compacting FUObjectHashTables data took   0.68ms
[2019.08.21-18.13.26:679][868]LogUObjectHash: Compacting FUObjectHashTables data took   0.69ms
[2019.08.21-18.13.26:710][868]LogUObjectHash: Compacting FUObjectHashTables data took   0.70ms
[2019.08.21-18.13.26:739][868]LogUObjectHash: Compacting FUObjectHashTables data took   0.68ms
[2019.08.21-18.13.26:773][868]LogUObjectHash: Compacting FUObjectHashTables data took   0.72ms
[2019.08.21-18.13.26:802][868]LogUObjectHash: Compacting FUObjectHashTables data took   0.76ms
[2019.08.21-18.13.26:828][868]LogUObjectHash: Compacting FUObjectHashTables data took   0.67ms
[2019.08.21-18.13.26:859][868]LogUObjectHash: Compacting FUObjectHashTables data took   0.68ms
[2019.08.21-18.13.26:886][868]LogUObjectHash: Compacting FUObjectHashTables data took   0.73ms
[2019.08.21-18.13.26:916][868]LogUObjectHash: Compacting FUObjectHashTables data took   0.85ms
[2019.08.21-18.13.26:947][868]LogUObjectHash: Compacting FUObjectHashTables data took   0.70ms
[2019.08.21-18.13.26:979][868]LogUObjectHash: Compacting FUObjectHashTables data took   0.77ms
[2019.08.21-18.13.27:008][868]LogUObjectHash: Compacting FUObjectHashTables data took   0.65ms
[2019.08.21-18.13.27:035][868]LogUObjectHash: Compacting FUObjectHashTables data took   0.70ms
[2019.08.21-18.13.27:063][868]LogUObjectHash: Compacting FUObjectHashTables data took   0.65ms
[2019.08.21-18.13.27:090][868]LogUObjectHash: Compacting FUObjectHashTables data took   0.69ms
[2019.08.21-18.13.27:119][868]LogUObjectHash: Compacting FUObjectHashTables data took   0.71ms
[2019.08.21-18.13.27:145][868]LogUObjectHash: Compacting FUObjectHashTables data took   0.67ms
[2019.08.21-18.13.27:173][868]LogUObjectHash: Compacting FUObjectHashTables data took   0.67ms
[2019.08.21-18.13.27:202][868]LogUObjectHash: Compacting FUObjectHashTables data took   0.78ms
[2019.08.21-18.13.27:231][868]LogUObjectHash: Compacting FUObjectHashTables data took   0.69ms
[2019.08.21-18.13.27:258][868]LogUObjectHash: Compacting FUObjectHashTables data took   0.69ms
[2019.08.21-18.13.27:286][868]LogUObjectHash: Compacting FUObjectHashTables data took   0.67ms
[2019.08.21-18.13.27:314][868]LogUObjectHash: Compacting FUObjectHashTables data took   0.74ms
[2019.08.21-18.13.27:343][868]LogUObjectHash: Compacting FUObjectHashTables data took   0.67ms
[2019.08.21-18.13.27:372][868]LogUObjectHash: Compacting FUObjectHashTables data took   0.65ms
[2019.08.21-18.13.27:402][868]LogUObjectHash: Compacting FUObjectHashTables data took   0.74ms
[2019.08.21-18.13.27:433][868]LogUObjectHash: Compacting FUObjectHashTables data took   0.71ms
[2019.08.21-18.13.27:461][868]LogUObjectHash: Compacting FUObjectHashTables data took   0.68ms
[2019.08.21-18.13.27:487][868]LogUObjectHash: Compacting FUObjectHashTables data took   0.70ms
[2019.08.21-18.13.27:514][868]LogUObjectHash: Compacting FUObjectHashTables data took   0.68ms
[2019.08.21-18.13.27:542][868]LogUObjectHash: Compacting FUObjectHashTables data took   0.71ms
[2019.08.21-18.13.27:570][868]LogUObjectHash: Compacting FUObjectHashTables data took   0.81ms
[2019.08.21-18.13.27:596][868]LogUObjectHash: Compacting FUObjectHashTables data took   0.70ms
[2019.08.21-18.13.27:624][868]LogUObjectHash: Compacting FUObjectHashTables data took   0.68ms
[2019.08.21-18.13.27:653][868]LogUObjectHash: Compacting FUObjectHashTables data took   0.71ms
[2019.08.21-18.13.27:681][868]LogUObjectHash: Compacting FUObjectHashTables data took   0.71ms
[2019.08.21-18.13.27:709][868]LogUObjectHash: Compacting FUObjectHashTables data took   0.70ms
[2019.08.21-18.13.27:736][868]LogUObjectHash: Compacting FUObjectHashTables data took   0.68ms
[2019.08.21-18.13.27:763][868]LogUObjectHash: Compacting FUObjectHashTables data took   1.76ms
[2019.08.21-18.13.27:790][868]LogUObjectHash: Compacting FUObjectHashTables data took   0.67ms
[2019.08.21-18.13.27:819][868]LogUObjectHash: Compacting FUObjectHashTables data took   0.73ms
[2019.08.21-18.13.27:847][868]LogUObjectHash: Compacting FUObjectHashTables data took   0.73ms
[2019.08.21-18.13.27:880][868]LogUObjectHash: Compacting FUObjectHashTables data took   0.82ms
[2019.08.21-18.13.27:914][868]LogUObjectHash: Compacting FUObjectHashTables data took   1.93ms
[2019.08.21-18.13.27:944][868]LogUObjectHash: Compacting FUObjectHashTables data took   0.67ms
[2019.08.21-18.13.36:882][296]LogUnrealEdMisc: Warning: Heartbeat event firing too frequently (8.395 sec). This should never happen. Something is wrong with the timer delegate!
[2019.08.21-18.13.56:574][247]Cmd: OBJ SAVEPACKAGE PACKAGE="/Game/Levels/TestMap" FILE="../../../../../../Users/KEOrlando/Documents/GitHub/Sacred-Blade/Content/Levels/TestMap.umap" SILENT=true AUTOSAVING=false KEEPDIRTY=false
[2019.08.21-18.13.56:606][247]LogUObjectHash: Compacting FUObjectHashTables data took   0.72ms
[2019.08.21-18.13.56:806][247]LogSavePackage: Moving '../../../../../../Users/KEOrlando/Documents/GitHub/Sacred-Blade/Saved/TestMap4647F15142CFF134CED1B6B3606B322E.tmp' to '../../../../../../Users/KEOrlando/Documents/GitHub/Sacred-Blade/Content/Levels/TestMap.umap'
[2019.08.21-18.13.56:837][247]Cmd: OBJ SAVEPACKAGE PACKAGE="/Game/Levels/TestMap_BuiltData" FILE="../../../../../../Users/KEOrlando/Documents/GitHub/Sacred-Blade/Content/Levels/TestMap_BuiltData.uasset" SILENT=true
[2019.08.21-18.13.56:869][247]LogSavePackage: Moving '../../../../../../Users/KEOrlando/Documents/GitHub/Sacred-Blade/Saved/TestMap_BuiltData56C3F82144F457F1BA36BE9C9B337712.tmp' to '../../../../../../Users/KEOrlando/Documents/GitHub/Sacred-Blade/Content/Levels/TestMap_BuiltData.uasset'
